{"C:\\Users\\karpu\\projects\\multi-tenant-Saas-backend\\src\\app.js": {"path":"C:\\Users\\karpu\\projects\\multi-tenant-Saas-backend\\src\\app.js","statementMap":{"0":{"start":{"line":1,"column":0},"end":{"line":1,"column":27}},"1":{"start":{"line":2,"column":16},"end":{"line":2,"column":34}},"2":{"start":{"line":3,"column":15},"end":{"line":3,"column":32}},"3":{"start":{"line":4,"column":13},"end":{"line":4,"column":28}},"4":{"start":{"line":5,"column":20},"end":{"line":5,"column":42}},"5":{"start":{"line":6,"column":15},"end":{"line":6,"column":40}},"6":{"start":{"line":7,"column":21},"end":{"line":7,"column":57}},"7":{"start":{"line":8,"column":20},"end":{"line":8,"column":55}},"8":{"start":{"line":9,"column":23},"end":{"line":9,"column":60}},"9":{"start":{"line":12,"column":19},"end":{"line":12,"column":50}},"10":{"start":{"line":13,"column":19},"end":{"line":13,"column":50}},"11":{"start":{"line":14,"column":23},"end":{"line":14,"column":58}},"12":{"start":{"line":15,"column":27},"end":{"line":15,"column":66}},"13":{"start":{"line":16,"column":20},"end":{"line":16,"column":52}},"14":{"start":{"line":19,"column":12},"end":{"line":19,"column":21}},"15":{"start":{"line":22,"column":0},"end":{"line":22,"column":26}},"16":{"start":{"line":25,"column":0},"end":{"line":25,"column":18}},"17":{"start":{"line":28,"column":20},"end":{"line":32,"column":1}},"18":{"start":{"line":33,"column":0},"end":{"line":33,"column":27}},"19":{"start":{"line":36,"column":0},"end":{"line":36,"column":41}},"20":{"start":{"line":37,"column":0},"end":{"line":37,"column":63}},"21":{"start":{"line":40,"column":0},"end":{"line":40,"column":23}},"22":{"start":{"line":43,"column":0},"end":{"line":59,"column":3}},"23":{"start":{"line":44,"column":16},"end":{"line":44,"column":26}},"24":{"start":{"line":46,"column":2},"end":{"line":56,"column":5}},"25":{"start":{"line":47,"column":21},"end":{"line":47,"column":39}},"26":{"start":{"line":48,"column":4},"end":{"line":55,"column":7}},"27":{"start":{"line":58,"column":2},"end":{"line":58,"column":9}},"28":{"start":{"line":62,"column":0},"end":{"line":62,"column":30}},"29":{"start":{"line":65,"column":0},"end":{"line":71,"column":3}},"30":{"start":{"line":66,"column":2},"end":{"line":70,"column":5}},"31":{"start":{"line":74,"column":20},"end":{"line":74,"column":51}},"32":{"start":{"line":79,"column":0},"end":{"line":79,"column":36}},"33":{"start":{"line":82,"column":0},"end":{"line":82,"column":53}},"34":{"start":{"line":85,"column":0},"end":{"line":85,"column":37}},"35":{"start":{"line":86,"column":0},"end":{"line":86,"column":45}},"36":{"start":{"line":89,"column":0},"end":{"line":89,"column":38}},"37":{"start":{"line":92,"column":0},"end":{"line":100,"column":3}},"38":{"start":{"line":93,"column":2},"end":{"line":99,"column":5}},"39":{"start":{"line":103,"column":0},"end":{"line":103,"column":22}},"40":{"start":{"line":106,"column":0},"end":{"line":113,"column":3}},"41":{"start":{"line":107,"column":2},"end":{"line":107,"column":62}},"42":{"start":{"line":108,"column":2},"end":{"line":112,"column":5}},"43":{"start":{"line":109,"column":4},"end":{"line":109,"column":38}},"44":{"start":{"line":110,"column":15},"end":{"line":110,"column":43}},"45":{"start":{"line":111,"column":4},"end":{"line":111,"column":15}},"46":{"start":{"line":115,"column":0},"end":{"line":115,"column":21}}},"fnMap":{"0":{"name":"(anonymous_0)","decl":{"start":{"line":43,"column":8},"end":{"line":43,"column":9}},"loc":{"start":{"line":43,"column":28},"end":{"line":59,"column":1}},"line":43},"1":{"name":"(anonymous_1)","decl":{"start":{"line":46,"column":19},"end":{"line":46,"column":20}},"loc":{"start":{"line":46,"column":25},"end":{"line":56,"column":3}},"line":46},"2":{"name":"(anonymous_2)","decl":{"start":{"line":65,"column":19},"end":{"line":65,"column":20}},"loc":{"start":{"line":65,"column":33},"end":{"line":71,"column":1}},"line":65},"3":{"name":"(anonymous_3)","decl":{"start":{"line":92,"column":8},"end":{"line":92,"column":9}},"loc":{"start":{"line":92,"column":22},"end":{"line":100,"column":1}},"line":92},"4":{"name":"(anonymous_4)","decl":{"start":{"line":106,"column":22},"end":{"line":106,"column":23}},"loc":{"start":{"line":106,"column":28},"end":{"line":113,"column":1}},"line":106},"5":{"name":"(anonymous_5)","decl":{"start":{"line":108,"column":12},"end":{"line":108,"column":13}},"loc":{"start":{"line":108,"column":18},"end":{"line":112,"column":3}},"line":108}},"branchMap":{"0":{"loc":{"start":{"line":29,"column":10},"end":{"line":29,"column":52}},"type":"binary-expr","locations":[{"start":{"line":29,"column":10},"end":{"line":29,"column":45}},{"start":{"line":29,"column":49},"end":{"line":29,"column":52}}],"line":29},"1":{"loc":{"start":{"line":74,"column":20},"end":{"line":74,"column":51}},"type":"binary-expr","locations":[{"start":{"line":74,"column":20},"end":{"line":74,"column":43}},{"start":{"line":74,"column":47},"end":{"line":74,"column":51}}],"line":74}},"s":{"0":0,"1":0,"2":0,"3":0,"4":0,"5":0,"6":0,"7":0,"8":0,"9":0,"10":0,"11":0,"12":0,"13":0,"14":0,"15":0,"16":0,"17":0,"18":0,"19":0,"20":0,"21":0,"22":0,"23":0,"24":0,"25":0,"26":0,"27":0,"28":0,"29":0,"30":0,"31":0,"32":0,"33":0,"34":0,"35":0,"36":0,"37":0,"38":0,"39":0,"40":0,"41":0,"42":0,"43":0,"44":0,"45":0,"46":0},"f":{"0":0,"1":0,"2":0,"3":0,"4":0,"5":0},"b":{"0":[0,0],"1":[0,0]}}
,"C:\\Users\\karpu\\projects\\multi-tenant-Saas-backend\\src\\config\\database.js": {"path":"C:\\Users\\karpu\\projects\\multi-tenant-Saas-backend\\src\\config\\database.js","statementMap":{"0":{"start":{"line":1,"column":17},"end":{"line":1,"column":30}},"1":{"start":{"line":2,"column":15},"end":{"line":2,"column":41}},"2":{"start":{"line":4,"column":13},"end":{"line":14,"column":2}},"3":{"start":{"line":17,"column":0},"end":{"line":20,"column":3}},"4":{"start":{"line":18,"column":2},"end":{"line":18,"column":85}},"5":{"start":{"line":19,"column":2},"end":{"line":19,"column":19}},"6":{"start":{"line":23,"column":0},"end":{"line":30,"column":3}},"7":{"start":{"line":24,"column":2},"end":{"line":27,"column":3}},"8":{"start":{"line":25,"column":4},"end":{"line":25,"column":84}},"9":{"start":{"line":26,"column":4},"end":{"line":26,"column":11}},"10":{"start":{"line":28,"column":2},"end":{"line":28,"column":63}},"11":{"start":{"line":29,"column":2},"end":{"line":29,"column":12}},"12":{"start":{"line":35,"column":14},"end":{"line":63,"column":1}},"13":{"start":{"line":36,"column":16},"end":{"line":36,"column":26}},"14":{"start":{"line":38,"column":2},"end":{"line":62,"column":3}},"15":{"start":{"line":40,"column":4},"end":{"line":42,"column":5}},"16":{"start":{"line":41,"column":6},"end":{"line":41,"column":91}},"17":{"start":{"line":44,"column":19},"end":{"line":44,"column":49}},"18":{"start":{"line":45,"column":21},"end":{"line":45,"column":39}},"19":{"start":{"line":47,"column":4},"end":{"line":52,"column":7}},"20":{"start":{"line":54,"column":4},"end":{"line":54,"column":18}},"21":{"start":{"line":56,"column":4},"end":{"line":60,"column":7}},"22":{"start":{"line":61,"column":4},"end":{"line":61,"column":16}},"23":{"start":{"line":68,"column":20},"end":{"line":82,"column":1}},"24":{"start":{"line":69,"column":17},"end":{"line":69,"column":37}},"25":{"start":{"line":71,"column":2},"end":{"line":81,"column":3}},"26":{"start":{"line":72,"column":4},"end":{"line":72,"column":32}},"27":{"start":{"line":73,"column":19},"end":{"line":73,"column":41}},"28":{"start":{"line":74,"column":4},"end":{"line":74,"column":33}},"29":{"start":{"line":75,"column":4},"end":{"line":75,"column":18}},"30":{"start":{"line":77,"column":4},"end":{"line":77,"column":35}},"31":{"start":{"line":78,"column":4},"end":{"line":78,"column":16}},"32":{"start":{"line":80,"column":4},"end":{"line":80,"column":21}},"33":{"start":{"line":87,"column":18},"end":{"line":89,"column":1}},"34":{"start":{"line":88,"column":2},"end":{"line":88,"column":30}},"35":{"start":{"line":94,"column":14},"end":{"line":97,"column":1}},"36":{"start":{"line":95,"column":2},"end":{"line":95,"column":19}},"37":{"start":{"line":96,"column":2},"end":{"line":96,"column":38}},"38":{"start":{"line":99,"column":0},"end":{"line":105,"column":2}}},"fnMap":{"0":{"name":"(anonymous_0)","decl":{"start":{"line":17,"column":17},"end":{"line":17,"column":18}},"loc":{"start":{"line":17,"column":26},"end":{"line":20,"column":1}},"line":17},"1":{"name":"(anonymous_1)","decl":{"start":{"line":23,"column":13},"end":{"line":23,"column":14}},"loc":{"start":{"line":23,"column":39},"end":{"line":30,"column":1}},"line":23},"2":{"name":"(anonymous_2)","decl":{"start":{"line":35,"column":14},"end":{"line":35,"column":15}},"loc":{"start":{"line":35,"column":55},"end":{"line":63,"column":1}},"line":35},"3":{"name":"(anonymous_3)","decl":{"start":{"line":68,"column":20},"end":{"line":68,"column":21}},"loc":{"start":{"line":68,"column":40},"end":{"line":82,"column":1}},"line":68},"4":{"name":"(anonymous_4)","decl":{"start":{"line":87,"column":18},"end":{"line":87,"column":19}},"loc":{"start":{"line":87,"column":30},"end":{"line":89,"column":1}},"line":87},"5":{"name":"(anonymous_5)","decl":{"start":{"line":94,"column":14},"end":{"line":94,"column":15}},"loc":{"start":{"line":94,"column":26},"end":{"line":97,"column":1}},"line":94}},"branchMap":{"0":{"loc":{"start":{"line":10,"column":7},"end":{"line":10,"column":45}},"type":"binary-expr","locations":[{"start":{"line":10,"column":7},"end":{"line":10,"column":40}},{"start":{"line":10,"column":44},"end":{"line":10,"column":45}}],"line":10},"1":{"loc":{"start":{"line":11,"column":7},"end":{"line":11,"column":46}},"type":"binary-expr","locations":[{"start":{"line":11,"column":7},"end":{"line":11,"column":40}},{"start":{"line":11,"column":44},"end":{"line":11,"column":46}}],"line":11},"2":{"loc":{"start":{"line":24,"column":2},"end":{"line":27,"column":3}},"type":"if","locations":[{"start":{"line":24,"column":2},"end":{"line":27,"column":3}},{"start":{},"end":{}}],"line":24},"3":{"loc":{"start":{"line":35,"column":35},"end":{"line":35,"column":50}},"type":"default-arg","locations":[{"start":{"line":35,"column":46},"end":{"line":35,"column":50}}],"line":35},"4":{"loc":{"start":{"line":40,"column":4},"end":{"line":42,"column":5}},"type":"if","locations":[{"start":{"line":40,"column":4},"end":{"line":42,"column":5}},{"start":{},"end":{}}],"line":40}},"s":{"0":0,"1":0,"2":0,"3":0,"4":0,"5":0,"6":0,"7":0,"8":0,"9":0,"10":0,"11":0,"12":0,"13":0,"14":0,"15":0,"16":0,"17":0,"18":0,"19":0,"20":0,"21":0,"22":0,"23":0,"24":0,"25":0,"26":0,"27":0,"28":0,"29":0,"30":0,"31":0,"32":0,"33":0,"34":0,"35":0,"36":0,"37":0,"38":0},"f":{"0":0,"1":0,"2":0,"3":0,"4":0,"5":0},"b":{"0":[0,0],"1":[0,0],"2":[0,0],"3":[0],"4":[0,0]}}
,"C:\\Users\\karpu\\projects\\multi-tenant-Saas-backend\\src\\controllers\\auth.controller.js": {"path":"C:\\Users\\karpu\\projects\\multi-tenant-Saas-backend\\src\\controllers\\auth.controller.js","statementMap":{"0":{"start":{"line":1,"column":20},"end":{"line":1,"column":55}},"1":{"start":{"line":2,"column":47},"end":{"line":2,"column":70}},"2":{"start":{"line":3,"column":15},"end":{"line":3,"column":41}},"3":{"start":{"line":9,"column":17},"end":{"line":54,"column":1}},"4":{"start":{"line":10,"column":2},"end":{"line":53,"column":3}},"5":{"start":{"line":11,"column":76},"end":{"line":11,"column":84}},"6":{"start":{"line":14,"column":19},"end":{"line":21,"column":6}},"7":{"start":{"line":24,"column":19},"end":{"line":29,"column":6}},"8":{"start":{"line":31,"column":4},"end":{"line":35,"column":7}},"9":{"start":{"line":37,"column":4},"end":{"line":50,"column":7}},"10":{"start":{"line":52,"column":4},"end":{"line":52,"column":16}},"11":{"start":{"line":60,"column":14},"end":{"line":98,"column":1}},"12":{"start":{"line":61,"column":2},"end":{"line":97,"column":3}},"13":{"start":{"line":62,"column":32},"end":{"line":62,"column":40}},"14":{"start":{"line":65,"column":17},"end":{"line":65,"column":68}},"15":{"start":{"line":68,"column":19},"end":{"line":73,"column":6}},"16":{"start":{"line":75,"column":4},"end":{"line":79,"column":7}},"17":{"start":{"line":81,"column":4},"end":{"line":94,"column":7}},"18":{"start":{"line":96,"column":4},"end":{"line":96,"column":16}},"19":{"start":{"line":104,"column":16},"end":{"line":154,"column":1}},"20":{"start":{"line":105,"column":2},"end":{"line":153,"column":3}},"21":{"start":{"line":106,"column":29},"end":{"line":106,"column":37}},"22":{"start":{"line":108,"column":4},"end":{"line":116,"column":5}},"23":{"start":{"line":109,"column":6},"end":{"line":115,"column":9}},"24":{"start":{"line":119,"column":20},"end":{"line":119,"column":52}},"25":{"start":{"line":122,"column":17},"end":{"line":122,"column":62}},"26":{"start":{"line":124,"column":4},"end":{"line":132,"column":5}},"27":{"start":{"line":125,"column":6},"end":{"line":131,"column":9}},"28":{"start":{"line":135,"column":19},"end":{"line":140,"column":6}},"29":{"start":{"line":142,"column":4},"end":{"line":145,"column":7}},"30":{"start":{"line":147,"column":4},"end":{"line":150,"column":7}},"31":{"start":{"line":152,"column":4},"end":{"line":152,"column":16}},"32":{"start":{"line":160,"column":11},"end":{"line":192,"column":1}},"33":{"start":{"line":161,"column":2},"end":{"line":191,"column":3}},"34":{"start":{"line":162,"column":17},"end":{"line":162,"column":63}},"35":{"start":{"line":164,"column":4},"end":{"line":172,"column":5}},"36":{"start":{"line":165,"column":6},"end":{"line":171,"column":9}},"37":{"start":{"line":174,"column":4},"end":{"line":188,"column":7}},"38":{"start":{"line":190,"column":4},"end":{"line":190,"column":16}},"39":{"start":{"line":198,"column":15},"end":{"line":214,"column":1}},"40":{"start":{"line":199,"column":2},"end":{"line":213,"column":3}},"41":{"start":{"line":202,"column":4},"end":{"line":205,"column":7}},"42":{"start":{"line":207,"column":4},"end":{"line":210,"column":7}},"43":{"start":{"line":212,"column":4},"end":{"line":212,"column":16}},"44":{"start":{"line":216,"column":0},"end":{"line":222,"column":2}}},"fnMap":{"0":{"name":"(anonymous_0)","decl":{"start":{"line":9,"column":17},"end":{"line":9,"column":18}},"loc":{"start":{"line":9,"column":43},"end":{"line":54,"column":1}},"line":9},"1":{"name":"(anonymous_1)","decl":{"start":{"line":60,"column":14},"end":{"line":60,"column":15}},"loc":{"start":{"line":60,"column":40},"end":{"line":98,"column":1}},"line":60},"2":{"name":"(anonymous_2)","decl":{"start":{"line":104,"column":16},"end":{"line":104,"column":17}},"loc":{"start":{"line":104,"column":42},"end":{"line":154,"column":1}},"line":104},"3":{"name":"(anonymous_3)","decl":{"start":{"line":160,"column":11},"end":{"line":160,"column":12}},"loc":{"start":{"line":160,"column":37},"end":{"line":192,"column":1}},"line":160},"4":{"name":"(anonymous_4)","decl":{"start":{"line":198,"column":15},"end":{"line":198,"column":16}},"loc":{"start":{"line":198,"column":41},"end":{"line":214,"column":1}},"line":198}},"branchMap":{"0":{"loc":{"start":{"line":108,"column":4},"end":{"line":116,"column":5}},"type":"if","locations":[{"start":{"line":108,"column":4},"end":{"line":116,"column":5}},{"start":{},"end":{}}],"line":108},"1":{"loc":{"start":{"line":124,"column":4},"end":{"line":132,"column":5}},"type":"if","locations":[{"start":{"line":124,"column":4},"end":{"line":132,"column":5}},{"start":{},"end":{}}],"line":124},"2":{"loc":{"start":{"line":164,"column":4},"end":{"line":172,"column":5}},"type":"if","locations":[{"start":{"line":164,"column":4},"end":{"line":172,"column":5}},{"start":{},"end":{}}],"line":164}},"s":{"0":0,"1":0,"2":0,"3":0,"4":0,"5":0,"6":0,"7":0,"8":0,"9":0,"10":0,"11":0,"12":0,"13":0,"14":0,"15":0,"16":0,"17":0,"18":0,"19":0,"20":0,"21":0,"22":0,"23":0,"24":0,"25":0,"26":0,"27":0,"28":0,"29":0,"30":0,"31":0,"32":0,"33":0,"34":0,"35":0,"36":0,"37":0,"38":0,"39":0,"40":0,"41":0,"42":0,"43":0,"44":0},"f":{"0":0,"1":0,"2":0,"3":0,"4":0},"b":{"0":[0,0],"1":[0,0],"2":[0,0]}}
,"C:\\Users\\karpu\\projects\\multi-tenant-Saas-backend\\src\\controllers\\resource.controller.js": {"path":"C:\\Users\\karpu\\projects\\multi-tenant-Saas-backend\\src\\controllers\\resource.controller.js","statementMap":{"0":{"start":{"line":1,"column":24},"end":{"line":1,"column":63}},"1":{"start":{"line":2,"column":17},"end":{"line":2,"column":45}},"2":{"start":{"line":3,"column":15},"end":{"line":3,"column":41}},"3":{"start":{"line":9,"column":13},"end":{"line":26,"column":1}},"4":{"start":{"line":10,"column":2},"end":{"line":25,"column":3}},"5":{"start":{"line":11,"column":84},"end":{"line":11,"column":93}},"6":{"start":{"line":12,"column":21},"end":{"line":12,"column":33}},"7":{"start":{"line":14,"column":19},"end":{"line":20,"column":6}},"8":{"start":{"line":22,"column":4},"end":{"line":22,"column":79}},"9":{"start":{"line":24,"column":4},"end":{"line":24,"column":16}},"10":{"start":{"line":32,"column":16},"end":{"line":47,"column":1}},"11":{"start":{"line":33,"column":2},"end":{"line":46,"column":3}},"12":{"start":{"line":34,"column":19},"end":{"line":34,"column":29}},"13":{"start":{"line":35,"column":21},"end":{"line":35,"column":33}},"14":{"start":{"line":37,"column":21},"end":{"line":37,"column":72}},"15":{"start":{"line":39,"column":4},"end":{"line":41,"column":5}},"16":{"start":{"line":40,"column":6},"end":{"line":40,"column":58}},"17":{"start":{"line":43,"column":4},"end":{"line":43,"column":47}},"18":{"start":{"line":45,"column":4},"end":{"line":45,"column":16}},"19":{"start":{"line":53,"column":15},"end":{"line":78,"column":1}},"20":{"start":{"line":54,"column":2},"end":{"line":77,"column":3}},"21":{"start":{"line":55,"column":52},"end":{"line":55,"column":60}},"22":{"start":{"line":56,"column":21},"end":{"line":56,"column":33}},"23":{"start":{"line":57,"column":19},"end":{"line":57,"column":34}},"24":{"start":{"line":59,"column":21},"end":{"line":66,"column":6}},"25":{"start":{"line":68,"column":4},"end":{"line":72,"column":7}},"26":{"start":{"line":74,"column":4},"end":{"line":74,"column":52}},"27":{"start":{"line":76,"column":4},"end":{"line":76,"column":16}},"28":{"start":{"line":84,"column":15},"end":{"line":111,"column":1}},"29":{"start":{"line":85,"column":2},"end":{"line":110,"column":3}},"30":{"start":{"line":86,"column":19},"end":{"line":86,"column":29}},"31":{"start":{"line":87,"column":52},"end":{"line":87,"column":60}},"32":{"start":{"line":88,"column":21},"end":{"line":88,"column":33}},"33":{"start":{"line":90,"column":21},"end":{"line":95,"column":6}},"34":{"start":{"line":97,"column":4},"end":{"line":99,"column":5}},"35":{"start":{"line":98,"column":6},"end":{"line":98,"column":58}},"36":{"start":{"line":101,"column":4},"end":{"line":105,"column":7}},"37":{"start":{"line":107,"column":4},"end":{"line":107,"column":47}},"38":{"start":{"line":109,"column":4},"end":{"line":109,"column":16}},"39":{"start":{"line":117,"column":15},"end":{"line":138,"column":1}},"40":{"start":{"line":118,"column":2},"end":{"line":137,"column":3}},"41":{"start":{"line":119,"column":19},"end":{"line":119,"column":29}},"42":{"start":{"line":120,"column":21},"end":{"line":120,"column":33}},"43":{"start":{"line":122,"column":20},"end":{"line":122,"column":70}},"44":{"start":{"line":124,"column":4},"end":{"line":126,"column":5}},"45":{"start":{"line":125,"column":6},"end":{"line":125,"column":58}},"46":{"start":{"line":128,"column":4},"end":{"line":132,"column":7}},"47":{"start":{"line":134,"column":4},"end":{"line":134,"column":79}},"48":{"start":{"line":136,"column":4},"end":{"line":136,"column":16}},"49":{"start":{"line":140,"column":0},"end":{"line":146,"column":2}}},"fnMap":{"0":{"name":"(anonymous_0)","decl":{"start":{"line":9,"column":13},"end":{"line":9,"column":14}},"loc":{"start":{"line":9,"column":39},"end":{"line":26,"column":1}},"line":9},"1":{"name":"(anonymous_1)","decl":{"start":{"line":32,"column":16},"end":{"line":32,"column":17}},"loc":{"start":{"line":32,"column":42},"end":{"line":47,"column":1}},"line":32},"2":{"name":"(anonymous_2)","decl":{"start":{"line":53,"column":15},"end":{"line":53,"column":16}},"loc":{"start":{"line":53,"column":41},"end":{"line":78,"column":1}},"line":53},"3":{"name":"(anonymous_3)","decl":{"start":{"line":84,"column":15},"end":{"line":84,"column":16}},"loc":{"start":{"line":84,"column":41},"end":{"line":111,"column":1}},"line":84},"4":{"name":"(anonymous_4)","decl":{"start":{"line":117,"column":15},"end":{"line":117,"column":16}},"loc":{"start":{"line":117,"column":41},"end":{"line":138,"column":1}},"line":117}},"branchMap":{"0":{"loc":{"start":{"line":11,"column":12},"end":{"line":11,"column":20}},"type":"default-arg","locations":[{"start":{"line":11,"column":19},"end":{"line":11,"column":20}}],"line":11},"1":{"loc":{"start":{"line":11,"column":22},"end":{"line":11,"column":32}},"type":"default-arg","locations":[{"start":{"line":11,"column":30},"end":{"line":11,"column":32}}],"line":11},"2":{"loc":{"start":{"line":11,"column":42},"end":{"line":11,"column":63}},"type":"default-arg","locations":[{"start":{"line":11,"column":51},"end":{"line":11,"column":63}}],"line":11},"3":{"loc":{"start":{"line":11,"column":65},"end":{"line":11,"column":79}},"type":"default-arg","locations":[{"start":{"line":11,"column":73},"end":{"line":11,"column":79}}],"line":11},"4":{"loc":{"start":{"line":39,"column":4},"end":{"line":41,"column":5}},"type":"if","locations":[{"start":{"line":39,"column":4},"end":{"line":41,"column":5}},{"start":{},"end":{}}],"line":39},"5":{"loc":{"start":{"line":97,"column":4},"end":{"line":99,"column":5}},"type":"if","locations":[{"start":{"line":97,"column":4},"end":{"line":99,"column":5}},{"start":{},"end":{}}],"line":97},"6":{"loc":{"start":{"line":124,"column":4},"end":{"line":126,"column":5}},"type":"if","locations":[{"start":{"line":124,"column":4},"end":{"line":126,"column":5}},{"start":{},"end":{}}],"line":124}},"s":{"0":0,"1":0,"2":0,"3":0,"4":0,"5":0,"6":0,"7":0,"8":0,"9":0,"10":0,"11":0,"12":0,"13":0,"14":0,"15":0,"16":0,"17":0,"18":0,"19":0,"20":0,"21":0,"22":0,"23":0,"24":0,"25":0,"26":0,"27":0,"28":0,"29":0,"30":0,"31":0,"32":0,"33":0,"34":0,"35":0,"36":0,"37":0,"38":0,"39":0,"40":0,"41":0,"42":0,"43":0,"44":0,"45":0,"46":0,"47":0,"48":0,"49":0},"f":{"0":0,"1":0,"2":0,"3":0,"4":0},"b":{"0":[0],"1":[0],"2":[0],"3":[0],"4":[0,0],"5":[0,0],"6":[0,0]}}
,"C:\\Users\\karpu\\projects\\multi-tenant-Saas-backend\\src\\controllers\\subscription.controller.js": {"path":"C:\\Users\\karpu\\projects\\multi-tenant-Saas-backend\\src\\controllers\\subscription.controller.js","statementMap":{"0":{"start":{"line":1,"column":28},"end":{"line":1,"column":71}},"1":{"start":{"line":2,"column":27},"end":{"line":2,"column":55}},"2":{"start":{"line":3,"column":15},"end":{"line":3,"column":41}},"3":{"start":{"line":9,"column":17},"end":{"line":18,"column":1}},"4":{"start":{"line":10,"column":2},"end":{"line":17,"column":3}},"5":{"start":{"line":11,"column":18},"end":{"line":11,"column":63}},"6":{"start":{"line":13,"column":4},"end":{"line":13,"column":35}},"7":{"start":{"line":15,"column":4},"end":{"line":15,"column":60}},"8":{"start":{"line":16,"column":4},"end":{"line":16,"column":88}},"9":{"start":{"line":24,"column":22},"end":{"line":34,"column":1}},"10":{"start":{"line":25,"column":2},"end":{"line":33,"column":3}},"11":{"start":{"line":26,"column":21},"end":{"line":26,"column":31}},"12":{"start":{"line":27,"column":17},"end":{"line":27,"column":62}},"13":{"start":{"line":29,"column":4},"end":{"line":29,"column":34}},"14":{"start":{"line":31,"column":4},"end":{"line":31,"column":82}},"15":{"start":{"line":32,"column":4},"end":{"line":32,"column":88}},"16":{"start":{"line":40,"column":31},"end":{"line":60,"column":1}},"17":{"start":{"line":41,"column":2},"end":{"line":59,"column":3}},"18":{"start":{"line":42,"column":21},"end":{"line":42,"column":38}},"19":{"start":{"line":43,"column":25},"end":{"line":43,"column":83}},"20":{"start":{"line":45,"column":4},"end":{"line":50,"column":5}},"21":{"start":{"line":46,"column":6},"end":{"line":49,"column":9}},"22":{"start":{"line":52,"column":4},"end":{"line":52,"column":42}},"23":{"start":{"line":54,"column":4},"end":{"line":57,"column":7}},"24":{"start":{"line":58,"column":4},"end":{"line":58,"column":88}},"25":{"start":{"line":66,"column":31},"end":{"line":82,"column":1}},"26":{"start":{"line":67,"column":2},"end":{"line":81,"column":3}},"27":{"start":{"line":68,"column":21},"end":{"line":68,"column":38}},"28":{"start":{"line":69,"column":20},"end":{"line":69,"column":78}},"29":{"start":{"line":71,"column":4},"end":{"line":74,"column":7}},"30":{"start":{"line":76,"column":4},"end":{"line":79,"column":7}},"31":{"start":{"line":80,"column":4},"end":{"line":80,"column":88}},"32":{"start":{"line":89,"column":18},"end":{"line":120,"column":1}},"33":{"start":{"line":90,"column":2},"end":{"line":119,"column":3}},"34":{"start":{"line":91,"column":21},"end":{"line":91,"column":38}},"35":{"start":{"line":92,"column":19},"end":{"line":92,"column":34}},"36":{"start":{"line":93,"column":39},"end":{"line":93,"column":47}},"37":{"start":{"line":96,"column":4},"end":{"line":98,"column":5}},"38":{"start":{"line":97,"column":6},"end":{"line":97,"column":75}},"39":{"start":{"line":100,"column":4},"end":{"line":102,"column":5}},"40":{"start":{"line":101,"column":6},"end":{"line":101,"column":97}},"41":{"start":{"line":104,"column":25},"end":{"line":109,"column":5}},"42":{"start":{"line":111,"column":4},"end":{"line":111,"column":47}},"43":{"start":{"line":113,"column":4},"end":{"line":117,"column":7}},"44":{"start":{"line":118,"column":4},"end":{"line":118,"column":88}},"45":{"start":{"line":127,"column":16},"end":{"line":152,"column":1}},"46":{"start":{"line":128,"column":2},"end":{"line":151,"column":3}},"47":{"start":{"line":129,"column":21},"end":{"line":129,"column":38}},"48":{"start":{"line":130,"column":19},"end":{"line":130,"column":34}},"49":{"start":{"line":131,"column":25},"end":{"line":131,"column":33}},"50":{"start":{"line":133,"column":4},"end":{"line":135,"column":5}},"51":{"start":{"line":134,"column":6},"end":{"line":134,"column":75}},"52":{"start":{"line":137,"column":25},"end":{"line":141,"column":5}},"53":{"start":{"line":143,"column":4},"end":{"line":143,"column":42}},"54":{"start":{"line":145,"column":4},"end":{"line":149,"column":7}},"55":{"start":{"line":150,"column":4},"end":{"line":150,"column":88}},"56":{"start":{"line":159,"column":18},"end":{"line":184,"column":1}},"57":{"start":{"line":160,"column":2},"end":{"line":183,"column":3}},"58":{"start":{"line":161,"column":21},"end":{"line":161,"column":38}},"59":{"start":{"line":162,"column":19},"end":{"line":162,"column":34}},"60":{"start":{"line":163,"column":25},"end":{"line":163,"column":33}},"61":{"start":{"line":165,"column":4},"end":{"line":167,"column":5}},"62":{"start":{"line":166,"column":6},"end":{"line":166,"column":75}},"63":{"start":{"line":169,"column":25},"end":{"line":173,"column":5}},"64":{"start":{"line":175,"column":4},"end":{"line":175,"column":42}},"65":{"start":{"line":177,"column":4},"end":{"line":181,"column":7}},"66":{"start":{"line":182,"column":4},"end":{"line":182,"column":88}},"67":{"start":{"line":191,"column":15},"end":{"line":217,"column":1}},"68":{"start":{"line":192,"column":2},"end":{"line":216,"column":3}},"69":{"start":{"line":193,"column":21},"end":{"line":193,"column":38}},"70":{"start":{"line":194,"column":19},"end":{"line":194,"column":34}},"71":{"start":{"line":195,"column":42},"end":{"line":195,"column":50}},"72":{"start":{"line":197,"column":25},"end":{"line":202,"column":5}},"73":{"start":{"line":204,"column":4},"end":{"line":209,"column":7}},"74":{"start":{"line":211,"column":4},"end":{"line":214,"column":7}},"75":{"start":{"line":215,"column":4},"end":{"line":215,"column":88}},"76":{"start":{"line":219,"column":0},"end":{"line":228,"column":2}}},"fnMap":{"0":{"name":"(anonymous_0)","decl":{"start":{"line":9,"column":17},"end":{"line":9,"column":18}},"loc":{"start":{"line":9,"column":37},"end":{"line":18,"column":1}},"line":9},"1":{"name":"(anonymous_1)","decl":{"start":{"line":24,"column":22},"end":{"line":24,"column":23}},"loc":{"start":{"line":24,"column":42},"end":{"line":34,"column":1}},"line":24},"2":{"name":"(anonymous_2)","decl":{"start":{"line":40,"column":31},"end":{"line":40,"column":32}},"loc":{"start":{"line":40,"column":51},"end":{"line":60,"column":1}},"line":40},"3":{"name":"(anonymous_3)","decl":{"start":{"line":66,"column":31},"end":{"line":66,"column":32}},"loc":{"start":{"line":66,"column":51},"end":{"line":82,"column":1}},"line":66},"4":{"name":"(anonymous_4)","decl":{"start":{"line":89,"column":18},"end":{"line":89,"column":19}},"loc":{"start":{"line":89,"column":38},"end":{"line":120,"column":1}},"line":89},"5":{"name":"(anonymous_5)","decl":{"start":{"line":127,"column":16},"end":{"line":127,"column":17}},"loc":{"start":{"line":127,"column":36},"end":{"line":152,"column":1}},"line":127},"6":{"name":"(anonymous_6)","decl":{"start":{"line":159,"column":18},"end":{"line":159,"column":19}},"loc":{"start":{"line":159,"column":38},"end":{"line":184,"column":1}},"line":159},"7":{"name":"(anonymous_7)","decl":{"start":{"line":191,"column":15},"end":{"line":191,"column":16}},"loc":{"start":{"line":191,"column":35},"end":{"line":217,"column":1}},"line":191}},"branchMap":{"0":{"loc":{"start":{"line":16,"column":35},"end":{"line":16,"column":63}},"type":"binary-expr","locations":[{"start":{"line":16,"column":35},"end":{"line":16,"column":43}},{"start":{"line":16,"column":47},"end":{"line":16,"column":63}}],"line":16},"1":{"loc":{"start":{"line":16,"column":65},"end":{"line":16,"column":86}},"type":"binary-expr","locations":[{"start":{"line":16,"column":65},"end":{"line":16,"column":79}},{"start":{"line":16,"column":83},"end":{"line":16,"column":86}}],"line":16},"2":{"loc":{"start":{"line":32,"column":35},"end":{"line":32,"column":63}},"type":"binary-expr","locations":[{"start":{"line":32,"column":35},"end":{"line":32,"column":43}},{"start":{"line":32,"column":47},"end":{"line":32,"column":63}}],"line":32},"3":{"loc":{"start":{"line":32,"column":65},"end":{"line":32,"column":86}},"type":"binary-expr","locations":[{"start":{"line":32,"column":65},"end":{"line":32,"column":79}},{"start":{"line":32,"column":83},"end":{"line":32,"column":86}}],"line":32},"4":{"loc":{"start":{"line":45,"column":4},"end":{"line":50,"column":5}},"type":"if","locations":[{"start":{"line":45,"column":4},"end":{"line":50,"column":5}},{"start":{},"end":{}}],"line":45},"5":{"loc":{"start":{"line":58,"column":35},"end":{"line":58,"column":63}},"type":"binary-expr","locations":[{"start":{"line":58,"column":35},"end":{"line":58,"column":43}},{"start":{"line":58,"column":47},"end":{"line":58,"column":63}}],"line":58},"6":{"loc":{"start":{"line":58,"column":65},"end":{"line":58,"column":86}},"type":"binary-expr","locations":[{"start":{"line":58,"column":65},"end":{"line":58,"column":79}},{"start":{"line":58,"column":83},"end":{"line":58,"column":86}}],"line":58},"7":{"loc":{"start":{"line":80,"column":35},"end":{"line":80,"column":63}},"type":"binary-expr","locations":[{"start":{"line":80,"column":35},"end":{"line":80,"column":43}},{"start":{"line":80,"column":47},"end":{"line":80,"column":63}}],"line":80},"8":{"loc":{"start":{"line":80,"column":65},"end":{"line":80,"column":86}},"type":"binary-expr","locations":[{"start":{"line":80,"column":65},"end":{"line":80,"column":79}},{"start":{"line":80,"column":83},"end":{"line":80,"column":86}}],"line":80},"9":{"loc":{"start":{"line":96,"column":4},"end":{"line":98,"column":5}},"type":"if","locations":[{"start":{"line":96,"column":4},"end":{"line":98,"column":5}},{"start":{},"end":{}}],"line":96},"10":{"loc":{"start":{"line":100,"column":4},"end":{"line":102,"column":5}},"type":"if","locations":[{"start":{"line":100,"column":4},"end":{"line":102,"column":5}},{"start":{},"end":{}}],"line":100},"11":{"loc":{"start":{"line":100,"column":8},"end":{"line":100,"column":69}},"type":"binary-expr","locations":[{"start":{"line":100,"column":8},"end":{"line":100,"column":20}},{"start":{"line":100,"column":24},"end":{"line":100,"column":69}}],"line":100},"12":{"loc":{"start":{"line":107,"column":6},"end":{"line":107,"column":31}},"type":"binary-expr","locations":[{"start":{"line":107,"column":6},"end":{"line":107,"column":18}},{"start":{"line":107,"column":22},"end":{"line":107,"column":31}}],"line":107},"13":{"loc":{"start":{"line":118,"column":35},"end":{"line":118,"column":63}},"type":"binary-expr","locations":[{"start":{"line":118,"column":35},"end":{"line":118,"column":43}},{"start":{"line":118,"column":47},"end":{"line":118,"column":63}}],"line":118},"14":{"loc":{"start":{"line":118,"column":65},"end":{"line":118,"column":86}},"type":"binary-expr","locations":[{"start":{"line":118,"column":65},"end":{"line":118,"column":79}},{"start":{"line":118,"column":83},"end":{"line":118,"column":86}}],"line":118},"15":{"loc":{"start":{"line":133,"column":4},"end":{"line":135,"column":5}},"type":"if","locations":[{"start":{"line":133,"column":4},"end":{"line":135,"column":5}},{"start":{},"end":{}}],"line":133},"16":{"loc":{"start":{"line":150,"column":35},"end":{"line":150,"column":63}},"type":"binary-expr","locations":[{"start":{"line":150,"column":35},"end":{"line":150,"column":43}},{"start":{"line":150,"column":47},"end":{"line":150,"column":63}}],"line":150},"17":{"loc":{"start":{"line":150,"column":65},"end":{"line":150,"column":86}},"type":"binary-expr","locations":[{"start":{"line":150,"column":65},"end":{"line":150,"column":79}},{"start":{"line":150,"column":83},"end":{"line":150,"column":86}}],"line":150},"18":{"loc":{"start":{"line":165,"column":4},"end":{"line":167,"column":5}},"type":"if","locations":[{"start":{"line":165,"column":4},"end":{"line":167,"column":5}},{"start":{},"end":{}}],"line":165},"19":{"loc":{"start":{"line":182,"column":35},"end":{"line":182,"column":63}},"type":"binary-expr","locations":[{"start":{"line":182,"column":35},"end":{"line":182,"column":43}},{"start":{"line":182,"column":47},"end":{"line":182,"column":63}}],"line":182},"20":{"loc":{"start":{"line":182,"column":65},"end":{"line":182,"column":86}},"type":"binary-expr","locations":[{"start":{"line":182,"column":65},"end":{"line":182,"column":79}},{"start":{"line":182,"column":83},"end":{"line":182,"column":86}}],"line":182},"21":{"loc":{"start":{"line":199,"column":6},"end":{"line":199,"column":32}},"type":"binary-expr","locations":[{"start":{"line":199,"column":6},"end":{"line":199,"column":23}},{"start":{"line":199,"column":27},"end":{"line":199,"column":32}}],"line":199},"22":{"loc":{"start":{"line":200,"column":6},"end":{"line":200,"column":18}},"type":"binary-expr","locations":[{"start":{"line":200,"column":6},"end":{"line":200,"column":12}},{"start":{"line":200,"column":16},"end":{"line":200,"column":18}}],"line":200},"23":{"loc":{"start":{"line":206,"column":15},"end":{"line":208,"column":71}},"type":"cond-expr","locations":[{"start":{"line":207,"column":10},"end":{"line":207,"column":46}},{"start":{"line":208,"column":10},"end":{"line":208,"column":71}}],"line":206},"24":{"loc":{"start":{"line":215,"column":35},"end":{"line":215,"column":63}},"type":"binary-expr","locations":[{"start":{"line":215,"column":35},"end":{"line":215,"column":43}},{"start":{"line":215,"column":47},"end":{"line":215,"column":63}}],"line":215},"25":{"loc":{"start":{"line":215,"column":65},"end":{"line":215,"column":86}},"type":"binary-expr","locations":[{"start":{"line":215,"column":65},"end":{"line":215,"column":79}},{"start":{"line":215,"column":83},"end":{"line":215,"column":86}}],"line":215}},"s":{"0":0,"1":0,"2":0,"3":0,"4":0,"5":0,"6":0,"7":0,"8":0,"9":0,"10":0,"11":0,"12":0,"13":0,"14":0,"15":0,"16":0,"17":0,"18":0,"19":0,"20":0,"21":0,"22":0,"23":0,"24":0,"25":0,"26":0,"27":0,"28":0,"29":0,"30":0,"31":0,"32":0,"33":0,"34":0,"35":0,"36":0,"37":0,"38":0,"39":0,"40":0,"41":0,"42":0,"43":0,"44":0,"45":0,"46":0,"47":0,"48":0,"49":0,"50":0,"51":0,"52":0,"53":0,"54":0,"55":0,"56":0,"57":0,"58":0,"59":0,"60":0,"61":0,"62":0,"63":0,"64":0,"65":0,"66":0,"67":0,"68":0,"69":0,"70":0,"71":0,"72":0,"73":0,"74":0,"75":0,"76":0},"f":{"0":0,"1":0,"2":0,"3":0,"4":0,"5":0,"6":0,"7":0},"b":{"0":[0,0],"1":[0,0],"2":[0,0],"3":[0,0],"4":[0,0],"5":[0,0],"6":[0,0],"7":[0,0],"8":[0,0],"9":[0,0],"10":[0,0],"11":[0,0],"12":[0,0],"13":[0,0],"14":[0,0],"15":[0,0],"16":[0,0],"17":[0,0],"18":[0,0],"19":[0,0],"20":[0,0],"21":[0,0],"22":[0,0],"23":[0,0],"24":[0,0],"25":[0,0]}}
,"C:\\Users\\karpu\\projects\\multi-tenant-Saas-backend\\src\\controllers\\usage.controller.js": {"path":"C:\\Users\\karpu\\projects\\multi-tenant-Saas-backend\\src\\controllers\\usage.controller.js","statementMap":{"0":{"start":{"line":1,"column":21},"end":{"line":1,"column":57}},"1":{"start":{"line":2,"column":27},"end":{"line":2,"column":55}},"2":{"start":{"line":3,"column":15},"end":{"line":3,"column":41}},"3":{"start":{"line":9,"column":24},"end":{"line":27,"column":1}},"4":{"start":{"line":10,"column":2},"end":{"line":26,"column":3}},"5":{"start":{"line":11,"column":21},"end":{"line":11,"column":38}},"6":{"start":{"line":12,"column":23},"end":{"line":12,"column":32}},"7":{"start":{"line":14,"column":18},"end":{"line":17,"column":5}},"8":{"start":{"line":19,"column":4},"end":{"line":19,"column":35}},"9":{"start":{"line":21,"column":4},"end":{"line":24,"column":7}},"10":{"start":{"line":25,"column":4},"end":{"line":25,"column":88}},"11":{"start":{"line":33,"column":21},"end":{"line":51,"column":1}},"12":{"start":{"line":34,"column":2},"end":{"line":50,"column":3}},"13":{"start":{"line":35,"column":21},"end":{"line":35,"column":38}},"14":{"start":{"line":37,"column":22},"end":{"line":37,"column":68}},"15":{"start":{"line":39,"column":4},"end":{"line":41,"column":5}},"16":{"start":{"line":40,"column":6},"end":{"line":40,"column":80}},"17":{"start":{"line":43,"column":4},"end":{"line":43,"column":39}},"18":{"start":{"line":45,"column":4},"end":{"line":48,"column":7}},"19":{"start":{"line":49,"column":4},"end":{"line":49,"column":88}},"20":{"start":{"line":57,"column":19},"end":{"line":80,"column":1}},"21":{"start":{"line":58,"column":2},"end":{"line":79,"column":3}},"22":{"start":{"line":59,"column":21},"end":{"line":59,"column":38}},"23":{"start":{"line":60,"column":29},"end":{"line":60,"column":38}},"24":{"start":{"line":62,"column":20},"end":{"line":66,"column":5}},"25":{"start":{"line":68,"column":4},"end":{"line":72,"column":7}},"26":{"start":{"line":74,"column":4},"end":{"line":77,"column":7}},"27":{"start":{"line":78,"column":4},"end":{"line":78,"column":88}},"28":{"start":{"line":82,"column":0},"end":{"line":86,"column":2}}},"fnMap":{"0":{"name":"(anonymous_0)","decl":{"start":{"line":9,"column":24},"end":{"line":9,"column":25}},"loc":{"start":{"line":9,"column":44},"end":{"line":27,"column":1}},"line":9},"1":{"name":"(anonymous_1)","decl":{"start":{"line":33,"column":21},"end":{"line":33,"column":22}},"loc":{"start":{"line":33,"column":41},"end":{"line":51,"column":1}},"line":33},"2":{"name":"(anonymous_2)","decl":{"start":{"line":57,"column":19},"end":{"line":57,"column":20}},"loc":{"start":{"line":57,"column":39},"end":{"line":80,"column":1}},"line":57}},"branchMap":{"0":{"loc":{"start":{"line":16,"column":6},"end":{"line":16,"column":27}},"type":"binary-expr","locations":[{"start":{"line":16,"column":6},"end":{"line":16,"column":12}},{"start":{"line":16,"column":16},"end":{"line":16,"column":27}}],"line":16},"1":{"loc":{"start":{"line":25,"column":35},"end":{"line":25,"column":63}},"type":"binary-expr","locations":[{"start":{"line":25,"column":35},"end":{"line":25,"column":43}},{"start":{"line":25,"column":47},"end":{"line":25,"column":63}}],"line":25},"2":{"loc":{"start":{"line":25,"column":65},"end":{"line":25,"column":86}},"type":"binary-expr","locations":[{"start":{"line":25,"column":65},"end":{"line":25,"column":79}},{"start":{"line":25,"column":83},"end":{"line":25,"column":86}}],"line":25},"3":{"loc":{"start":{"line":39,"column":4},"end":{"line":41,"column":5}},"type":"if","locations":[{"start":{"line":39,"column":4},"end":{"line":41,"column":5}},{"start":{},"end":{}}],"line":39},"4":{"loc":{"start":{"line":49,"column":35},"end":{"line":49,"column":63}},"type":"binary-expr","locations":[{"start":{"line":49,"column":35},"end":{"line":49,"column":43}},{"start":{"line":49,"column":47},"end":{"line":49,"column":63}}],"line":49},"5":{"loc":{"start":{"line":49,"column":65},"end":{"line":49,"column":86}},"type":"binary-expr","locations":[{"start":{"line":49,"column":65},"end":{"line":49,"column":79}},{"start":{"line":49,"column":83},"end":{"line":49,"column":86}}],"line":49},"6":{"loc":{"start":{"line":64,"column":6},"end":{"line":64,"column":27}},"type":"binary-expr","locations":[{"start":{"line":64,"column":6},"end":{"line":64,"column":12}},{"start":{"line":64,"column":16},"end":{"line":64,"column":27}}],"line":64},"7":{"loc":{"start":{"line":65,"column":6},"end":{"line":65,"column":26}},"type":"binary-expr","locations":[{"start":{"line":65,"column":6},"end":{"line":65,"column":20}},{"start":{"line":65,"column":24},"end":{"line":65,"column":26}}],"line":65},"8":{"loc":{"start":{"line":70,"column":14},"end":{"line":70,"column":35}},"type":"binary-expr","locations":[{"start":{"line":70,"column":14},"end":{"line":70,"column":20}},{"start":{"line":70,"column":24},"end":{"line":70,"column":35}}],"line":70},"9":{"loc":{"start":{"line":71,"column":12},"end":{"line":71,"column":32}},"type":"binary-expr","locations":[{"start":{"line":71,"column":12},"end":{"line":71,"column":26}},{"start":{"line":71,"column":30},"end":{"line":71,"column":32}}],"line":71},"10":{"loc":{"start":{"line":78,"column":35},"end":{"line":78,"column":63}},"type":"binary-expr","locations":[{"start":{"line":78,"column":35},"end":{"line":78,"column":43}},{"start":{"line":78,"column":47},"end":{"line":78,"column":63}}],"line":78},"11":{"loc":{"start":{"line":78,"column":65},"end":{"line":78,"column":86}},"type":"binary-expr","locations":[{"start":{"line":78,"column":65},"end":{"line":78,"column":79}},{"start":{"line":78,"column":83},"end":{"line":78,"column":86}}],"line":78}},"s":{"0":0,"1":0,"2":0,"3":0,"4":0,"5":0,"6":0,"7":0,"8":0,"9":0,"10":0,"11":0,"12":0,"13":0,"14":0,"15":0,"16":0,"17":0,"18":0,"19":0,"20":0,"21":0,"22":0,"23":0,"24":0,"25":0,"26":0,"27":0,"28":0},"f":{"0":0,"1":0,"2":0},"b":{"0":[0,0],"1":[0,0],"2":[0,0],"3":[0,0],"4":[0,0],"5":[0,0],"6":[0,0],"7":[0,0],"8":[0,0],"9":[0,0],"10":[0,0],"11":[0,0]}}
,"C:\\Users\\karpu\\projects\\multi-tenant-Saas-backend\\src\\controllers\\user.controller.js": {"path":"C:\\Users\\karpu\\projects\\multi-tenant-Saas-backend\\src\\controllers\\user.controller.js","statementMap":{"0":{"start":{"line":1,"column":20},"end":{"line":1,"column":55}},"1":{"start":{"line":2,"column":17},"end":{"line":2,"column":45}},"2":{"start":{"line":3,"column":15},"end":{"line":3,"column":41}},"3":{"start":{"line":9,"column":13},"end":{"line":25,"column":1}},"4":{"start":{"line":10,"column":2},"end":{"line":24,"column":3}},"5":{"start":{"line":11,"column":53},"end":{"line":11,"column":62}},"6":{"start":{"line":12,"column":21},"end":{"line":12,"column":33}},"7":{"start":{"line":14,"column":19},"end":{"line":19,"column":6}},"8":{"start":{"line":21,"column":4},"end":{"line":21,"column":79}},"9":{"start":{"line":23,"column":4},"end":{"line":23,"column":16}},"10":{"start":{"line":31,"column":16},"end":{"line":46,"column":1}},"11":{"start":{"line":32,"column":2},"end":{"line":45,"column":3}},"12":{"start":{"line":33,"column":19},"end":{"line":33,"column":29}},"13":{"start":{"line":34,"column":21},"end":{"line":34,"column":33}},"14":{"start":{"line":36,"column":17},"end":{"line":36,"column":60}},"15":{"start":{"line":38,"column":4},"end":{"line":40,"column":5}},"16":{"start":{"line":39,"column":6},"end":{"line":39,"column":54}},"17":{"start":{"line":42,"column":4},"end":{"line":42,"column":43}},"18":{"start":{"line":44,"column":4},"end":{"line":44,"column":16}},"19":{"start":{"line":52,"column":15},"end":{"line":76,"column":1}},"20":{"start":{"line":53,"column":2},"end":{"line":75,"column":3}},"21":{"start":{"line":54,"column":59},"end":{"line":54,"column":67}},"22":{"start":{"line":55,"column":21},"end":{"line":55,"column":33}},"23":{"start":{"line":57,"column":17},"end":{"line":64,"column":6}},"24":{"start":{"line":66,"column":4},"end":{"line":70,"column":7}},"25":{"start":{"line":72,"column":4},"end":{"line":72,"column":48}},"26":{"start":{"line":74,"column":4},"end":{"line":74,"column":16}},"27":{"start":{"line":82,"column":15},"end":{"line":112,"column":1}},"28":{"start":{"line":83,"column":2},"end":{"line":111,"column":3}},"29":{"start":{"line":84,"column":19},"end":{"line":84,"column":29}},"30":{"start":{"line":85,"column":59},"end":{"line":85,"column":67}},"31":{"start":{"line":86,"column":21},"end":{"line":86,"column":33}},"32":{"start":{"line":89,"column":23},"end":{"line":89,"column":53}},"33":{"start":{"line":91,"column":4},"end":{"line":94,"column":5}},"34":{"start":{"line":92,"column":6},"end":{"line":92,"column":39}},"35":{"start":{"line":92,"column":16},"end":{"line":92,"column":39}},"36":{"start":{"line":93,"column":6},"end":{"line":93,"column":65}},"37":{"start":{"line":93,"column":34},"end":{"line":93,"column":65}},"38":{"start":{"line":96,"column":17},"end":{"line":96,"column":71}},"39":{"start":{"line":98,"column":4},"end":{"line":100,"column":5}},"40":{"start":{"line":99,"column":6},"end":{"line":99,"column":54}},"41":{"start":{"line":102,"column":4},"end":{"line":106,"column":7}},"42":{"start":{"line":108,"column":4},"end":{"line":108,"column":43}},"43":{"start":{"line":110,"column":4},"end":{"line":110,"column":16}},"44":{"start":{"line":118,"column":15},"end":{"line":150,"column":1}},"45":{"start":{"line":119,"column":2},"end":{"line":149,"column":3}},"46":{"start":{"line":120,"column":19},"end":{"line":120,"column":29}},"47":{"start":{"line":121,"column":21},"end":{"line":121,"column":33}},"48":{"start":{"line":124,"column":4},"end":{"line":132,"column":5}},"49":{"start":{"line":125,"column":6},"end":{"line":131,"column":9}},"50":{"start":{"line":134,"column":20},"end":{"line":134,"column":62}},"51":{"start":{"line":136,"column":4},"end":{"line":138,"column":5}},"52":{"start":{"line":137,"column":6},"end":{"line":137,"column":54}},"53":{"start":{"line":140,"column":4},"end":{"line":144,"column":7}},"54":{"start":{"line":146,"column":4},"end":{"line":146,"column":75}},"55":{"start":{"line":148,"column":4},"end":{"line":148,"column":16}},"56":{"start":{"line":152,"column":0},"end":{"line":158,"column":2}}},"fnMap":{"0":{"name":"(anonymous_0)","decl":{"start":{"line":9,"column":13},"end":{"line":9,"column":14}},"loc":{"start":{"line":9,"column":39},"end":{"line":25,"column":1}},"line":9},"1":{"name":"(anonymous_1)","decl":{"start":{"line":31,"column":16},"end":{"line":31,"column":17}},"loc":{"start":{"line":31,"column":42},"end":{"line":46,"column":1}},"line":31},"2":{"name":"(anonymous_2)","decl":{"start":{"line":52,"column":15},"end":{"line":52,"column":16}},"loc":{"start":{"line":52,"column":41},"end":{"line":76,"column":1}},"line":52},"3":{"name":"(anonymous_3)","decl":{"start":{"line":82,"column":15},"end":{"line":82,"column":16}},"loc":{"start":{"line":82,"column":41},"end":{"line":112,"column":1}},"line":82},"4":{"name":"(anonymous_4)","decl":{"start":{"line":118,"column":15},"end":{"line":118,"column":16}},"loc":{"start":{"line":118,"column":41},"end":{"line":150,"column":1}},"line":118}},"branchMap":{"0":{"loc":{"start":{"line":11,"column":12},"end":{"line":11,"column":20}},"type":"default-arg","locations":[{"start":{"line":11,"column":19},"end":{"line":11,"column":20}}],"line":11},"1":{"loc":{"start":{"line":11,"column":22},"end":{"line":11,"column":32}},"type":"default-arg","locations":[{"start":{"line":11,"column":30},"end":{"line":11,"column":32}}],"line":11},"2":{"loc":{"start":{"line":18,"column":16},"end":{"line":18,"column":67}},"type":"cond-expr","locations":[{"start":{"line":18,"column":41},"end":{"line":18,"column":60}},{"start":{"line":18,"column":63},"end":{"line":18,"column":67}}],"line":18},"3":{"loc":{"start":{"line":38,"column":4},"end":{"line":40,"column":5}},"type":"if","locations":[{"start":{"line":38,"column":4},"end":{"line":40,"column":5}},{"start":{},"end":{}}],"line":38},"4":{"loc":{"start":{"line":63,"column":12},"end":{"line":63,"column":26}},"type":"binary-expr","locations":[{"start":{"line":63,"column":12},"end":{"line":63,"column":16}},{"start":{"line":63,"column":20},"end":{"line":63,"column":26}}],"line":63},"5":{"loc":{"start":{"line":91,"column":4},"end":{"line":94,"column":5}},"type":"if","locations":[{"start":{"line":91,"column":4},"end":{"line":94,"column":5}},{"start":{},"end":{}}],"line":91},"6":{"loc":{"start":{"line":92,"column":6},"end":{"line":92,"column":39}},"type":"if","locations":[{"start":{"line":92,"column":6},"end":{"line":92,"column":39}},{"start":{},"end":{}}],"line":92},"7":{"loc":{"start":{"line":93,"column":6},"end":{"line":93,"column":65}},"type":"if","locations":[{"start":{"line":93,"column":6},"end":{"line":93,"column":65}},{"start":{},"end":{}}],"line":93},"8":{"loc":{"start":{"line":98,"column":4},"end":{"line":100,"column":5}},"type":"if","locations":[{"start":{"line":98,"column":4},"end":{"line":100,"column":5}},{"start":{},"end":{}}],"line":98},"9":{"loc":{"start":{"line":124,"column":4},"end":{"line":132,"column":5}},"type":"if","locations":[{"start":{"line":124,"column":4},"end":{"line":132,"column":5}},{"start":{},"end":{}}],"line":124},"10":{"loc":{"start":{"line":136,"column":4},"end":{"line":138,"column":5}},"type":"if","locations":[{"start":{"line":136,"column":4},"end":{"line":138,"column":5}},{"start":{},"end":{}}],"line":136}},"s":{"0":0,"1":0,"2":0,"3":0,"4":0,"5":0,"6":0,"7":0,"8":0,"9":0,"10":0,"11":0,"12":0,"13":0,"14":0,"15":0,"16":0,"17":0,"18":0,"19":0,"20":0,"21":0,"22":0,"23":0,"24":0,"25":0,"26":0,"27":0,"28":0,"29":0,"30":0,"31":0,"32":0,"33":0,"34":0,"35":0,"36":0,"37":0,"38":0,"39":0,"40":0,"41":0,"42":0,"43":0,"44":0,"45":0,"46":0,"47":0,"48":0,"49":0,"50":0,"51":0,"52":0,"53":0,"54":0,"55":0,"56":0},"f":{"0":0,"1":0,"2":0,"3":0,"4":0},"b":{"0":[0],"1":[0],"2":[0,0],"3":[0,0],"4":[0,0],"5":[0,0],"6":[0,0],"7":[0,0],"8":[0,0],"9":[0,0],"10":[0,0]}}
,"C:\\Users\\karpu\\projects\\multi-tenant-Saas-backend\\src\\middleware\\auth.js": {"path":"C:\\Users\\karpu\\projects\\multi-tenant-Saas-backend\\src\\middleware\\auth.js","statementMap":{"0":{"start":{"line":1,"column":54},"end":{"line":1,"column":77}},"1":{"start":{"line":2,"column":15},"end":{"line":2,"column":41}},"2":{"start":{"line":7,"column":21},"end":{"line":49,"column":1}},"3":{"start":{"line":8,"column":2},"end":{"line":48,"column":3}},"4":{"start":{"line":9,"column":18},"end":{"line":9,"column":67}},"5":{"start":{"line":11,"column":4},"end":{"line":19,"column":5}},"6":{"start":{"line":12,"column":6},"end":{"line":18,"column":9}},"7":{"start":{"line":22,"column":20},"end":{"line":22,"column":44}},"8":{"start":{"line":25,"column":4},"end":{"line":30,"column":6}},"9":{"start":{"line":32,"column":4},"end":{"line":35,"column":7}},"10":{"start":{"line":37,"column":4},"end":{"line":37,"column":11}},"11":{"start":{"line":39,"column":4},"end":{"line":39,"column":67}},"12":{"start":{"line":41,"column":4},"end":{"line":47,"column":7}},"13":{"start":{"line":54,"column":29},"end":{"line":73,"column":1}},"14":{"start":{"line":55,"column":2},"end":{"line":72,"column":3}},"15":{"start":{"line":56,"column":18},"end":{"line":56,"column":67}},"16":{"start":{"line":58,"column":4},"end":{"line":66,"column":5}},"17":{"start":{"line":59,"column":22},"end":{"line":59,"column":46}},"18":{"start":{"line":60,"column":6},"end":{"line":65,"column":8}},"19":{"start":{"line":68,"column":4},"end":{"line":68,"column":11}},"20":{"start":{"line":71,"column":4},"end":{"line":71,"column":11}},"21":{"start":{"line":75,"column":0},"end":{"line":78,"column":2}}},"fnMap":{"0":{"name":"(anonymous_0)","decl":{"start":{"line":7,"column":21},"end":{"line":7,"column":22}},"loc":{"start":{"line":7,"column":47},"end":{"line":49,"column":1}},"line":7},"1":{"name":"(anonymous_1)","decl":{"start":{"line":54,"column":29},"end":{"line":54,"column":30}},"loc":{"start":{"line":54,"column":55},"end":{"line":73,"column":1}},"line":54}},"branchMap":{"0":{"loc":{"start":{"line":11,"column":4},"end":{"line":19,"column":5}},"type":"if","locations":[{"start":{"line":11,"column":4},"end":{"line":19,"column":5}},{"start":{},"end":{}}],"line":11},"1":{"loc":{"start":{"line":58,"column":4},"end":{"line":66,"column":5}},"type":"if","locations":[{"start":{"line":58,"column":4},"end":{"line":66,"column":5}},{"start":{},"end":{}}],"line":58}},"s":{"0":0,"1":0,"2":0,"3":0,"4":0,"5":0,"6":0,"7":0,"8":0,"9":0,"10":0,"11":0,"12":0,"13":0,"14":0,"15":0,"16":0,"17":0,"18":0,"19":0,"20":0,"21":0},"f":{"0":0,"1":0},"b":{"0":[0,0],"1":[0,0]}}
,"C:\\Users\\karpu\\projects\\multi-tenant-Saas-backend\\src\\middleware\\errorHandler.js": {"path":"C:\\Users\\karpu\\projects\\multi-tenant-Saas-backend\\src\\middleware\\errorHandler.js","statementMap":{"0":{"start":{"line":1,"column":15},"end":{"line":1,"column":41}},"1":{"start":{"line":7,"column":21},"end":{"line":46,"column":1}},"2":{"start":{"line":9,"column":2},"end":{"line":20,"column":5}},"3":{"start":{"line":23,"column":21},"end":{"line":23,"column":42}},"4":{"start":{"line":26,"column":24},"end":{"line":32,"column":3}},"5":{"start":{"line":35,"column":2},"end":{"line":37,"column":3}},"6":{"start":{"line":36,"column":4},"end":{"line":36,"column":46}},"7":{"start":{"line":40,"column":2},"end":{"line":42,"column":3}},"8":{"start":{"line":41,"column":4},"end":{"line":41,"column":42}},"9":{"start":{"line":45,"column":2},"end":{"line":45,"column":45}},"10":{"start":{"line":53,"column":4},"end":{"line":53,"column":19}},"11":{"start":{"line":54,"column":4},"end":{"line":54,"column":33}},"12":{"start":{"line":55,"column":4},"end":{"line":55,"column":21}},"13":{"start":{"line":56,"column":4},"end":{"line":56,"column":27}},"14":{"start":{"line":57,"column":4},"end":{"line":57,"column":52}},"15":{"start":{"line":61,"column":0},"end":{"line":61,"column":30}},"16":{"start":{"line":62,"column":0},"end":{"line":62,"column":35}}},"fnMap":{"0":{"name":"(anonymous_0)","decl":{"start":{"line":7,"column":21},"end":{"line":7,"column":22}},"loc":{"start":{"line":7,"column":46},"end":{"line":46,"column":1}},"line":7},"1":{"name":"(anonymous_1)","decl":{"start":{"line":52,"column":2},"end":{"line":52,"column":3}},"loc":{"start":{"line":52,"column":73},"end":{"line":58,"column":3}},"line":52}},"branchMap":{"0":{"loc":{"start":{"line":23,"column":21},"end":{"line":23,"column":42}},"type":"binary-expr","locations":[{"start":{"line":23,"column":21},"end":{"line":23,"column":35}},{"start":{"line":23,"column":39},"end":{"line":23,"column":42}}],"line":23},"1":{"loc":{"start":{"line":29,"column":12},"end":{"line":29,"column":40}},"type":"binary-expr","locations":[{"start":{"line":29,"column":12},"end":{"line":29,"column":20}},{"start":{"line":29,"column":24},"end":{"line":29,"column":40}}],"line":29},"2":{"loc":{"start":{"line":30,"column":15},"end":{"line":30,"column":60}},"type":"binary-expr","locations":[{"start":{"line":30,"column":15},"end":{"line":30,"column":26}},{"start":{"line":30,"column":30},"end":{"line":30,"column":60}}],"line":30},"3":{"loc":{"start":{"line":35,"column":2},"end":{"line":37,"column":3}},"type":"if","locations":[{"start":{"line":35,"column":2},"end":{"line":37,"column":3}},{"start":{},"end":{}}],"line":35},"4":{"loc":{"start":{"line":40,"column":2},"end":{"line":42,"column":3}},"type":"if","locations":[{"start":{"line":40,"column":2},"end":{"line":42,"column":3}},{"start":{},"end":{}}],"line":40},"5":{"loc":{"start":{"line":52,"column":23},"end":{"line":52,"column":39}},"type":"default-arg","locations":[{"start":{"line":52,"column":36},"end":{"line":52,"column":39}}],"line":52},"6":{"loc":{"start":{"line":52,"column":41},"end":{"line":52,"column":55}},"type":"default-arg","locations":[{"start":{"line":52,"column":48},"end":{"line":52,"column":55}}],"line":52},"7":{"loc":{"start":{"line":52,"column":57},"end":{"line":52,"column":71}},"type":"default-arg","locations":[{"start":{"line":52,"column":67},"end":{"line":52,"column":71}}],"line":52}},"s":{"0":0,"1":0,"2":0,"3":0,"4":0,"5":0,"6":0,"7":0,"8":0,"9":0,"10":0,"11":0,"12":0,"13":0,"14":0,"15":0,"16":0},"f":{"0":0,"1":0},"b":{"0":[0,0],"1":[0,0],"2":[0,0],"3":[0,0],"4":[0,0],"5":[0],"6":[0],"7":[0]}}
,"C:\\Users\\karpu\\projects\\multi-tenant-Saas-backend\\src\\middleware\\rateLimiter.js": {"path":"C:\\Users\\karpu\\projects\\multi-tenant-Saas-backend\\src\\middleware\\rateLimiter.js","statementMap":{"0":{"start":{"line":1,"column":18},"end":{"line":1,"column":47}},"1":{"start":{"line":2,"column":15},"end":{"line":2,"column":41}},"2":{"start":{"line":5,"column":19},"end":{"line":42,"column":2}},"3":{"start":{"line":18,"column":4},"end":{"line":23,"column":7}},"4":{"start":{"line":25,"column":4},"end":{"line":31,"column":7}},"5":{"start":{"line":35,"column":4},"end":{"line":35,"column":18}},"6":{"start":{"line":39,"column":22},"end":{"line":39,"column":33}},"7":{"start":{"line":40,"column":4},"end":{"line":40,"column":40}},"8":{"start":{"line":45,"column":20},"end":{"line":72,"column":2}},"9":{"start":{"line":58,"column":4},"end":{"line":62,"column":7}},"10":{"start":{"line":64,"column":4},"end":{"line":70,"column":7}},"11":{"start":{"line":74,"column":0},"end":{"line":74,"column":28}},"12":{"start":{"line":75,"column":0},"end":{"line":75,"column":41}}},"fnMap":{"0":{"name":"(anonymous_0)","decl":{"start":{"line":17,"column":11},"end":{"line":17,"column":12}},"loc":{"start":{"line":17,"column":25},"end":{"line":32,"column":3}},"line":17},"1":{"name":"(anonymous_1)","decl":{"start":{"line":34,"column":16},"end":{"line":34,"column":17}},"loc":{"start":{"line":34,"column":25},"end":{"line":36,"column":3}},"line":34},"2":{"name":"(anonymous_2)","decl":{"start":{"line":38,"column":8},"end":{"line":38,"column":9}},"loc":{"start":{"line":38,"column":17},"end":{"line":41,"column":3}},"line":38},"3":{"name":"(anonymous_3)","decl":{"start":{"line":57,"column":11},"end":{"line":57,"column":12}},"loc":{"start":{"line":57,"column":25},"end":{"line":71,"column":3}},"line":57}},"branchMap":{"0":{"loc":{"start":{"line":6,"column":12},"end":{"line":6,"column":72}},"type":"binary-expr","locations":[{"start":{"line":6,"column":12},"end":{"line":6,"column":54}},{"start":{"line":6,"column":58},"end":{"line":6,"column":72}}],"line":6},"1":{"loc":{"start":{"line":7,"column":7},"end":{"line":7,"column":59}},"type":"binary-expr","locations":[{"start":{"line":7,"column":7},"end":{"line":7,"column":52}},{"start":{"line":7,"column":56},"end":{"line":7,"column":59}}],"line":7}},"s":{"0":0,"1":0,"2":0,"3":0,"4":0,"5":0,"6":0,"7":0,"8":0,"9":0,"10":0,"11":0,"12":0},"f":{"0":0,"1":0,"2":0,"3":0},"b":{"0":[0,0],"1":[0,0]}}
,"C:\\Users\\karpu\\projects\\multi-tenant-Saas-backend\\src\\middleware\\rbac.js": {"path":"C:\\Users\\karpu\\projects\\multi-tenant-Saas-backend\\src\\middleware\\rbac.js","statementMap":{"0":{"start":{"line":1,"column":15},"end":{"line":1,"column":41}},"1":{"start":{"line":4,"column":23},"end":{"line":8,"column":1}},"2":{"start":{"line":14,"column":20},"end":{"line":47,"column":1}},"3":{"start":{"line":15,"column":2},"end":{"line":46,"column":4}},"4":{"start":{"line":16,"column":4},"end":{"line":24,"column":5}},"5":{"start":{"line":17,"column":6},"end":{"line":23,"column":9}},"6":{"start":{"line":26,"column":21},"end":{"line":26,"column":34}},"7":{"start":{"line":28,"column":4},"end":{"line":43,"column":5}},"8":{"start":{"line":29,"column":6},"end":{"line":34,"column":9}},"9":{"start":{"line":36,"column":6},"end":{"line":42,"column":9}},"10":{"start":{"line":45,"column":4},"end":{"line":45,"column":11}},"11":{"start":{"line":53,"column":23},"end":{"line":90,"column":1}},"12":{"start":{"line":54,"column":2},"end":{"line":89,"column":4}},"13":{"start":{"line":55,"column":4},"end":{"line":63,"column":5}},"14":{"start":{"line":56,"column":6},"end":{"line":62,"column":9}},"15":{"start":{"line":65,"column":21},"end":{"line":65,"column":34}},"16":{"start":{"line":66,"column":22},"end":{"line":66,"column":51}},"17":{"start":{"line":67,"column":21},"end":{"line":67,"column":49}},"18":{"start":{"line":69,"column":4},"end":{"line":86,"column":5}},"19":{"start":{"line":70,"column":6},"end":{"line":77,"column":9}},"20":{"start":{"line":79,"column":6},"end":{"line":85,"column":9}},"21":{"start":{"line":88,"column":4},"end":{"line":88,"column":11}},"22":{"start":{"line":96,"column":32},"end":{"line":130,"column":1}},"23":{"start":{"line":97,"column":2},"end":{"line":129,"column":4}},"24":{"start":{"line":98,"column":4},"end":{"line":106,"column":5}},"25":{"start":{"line":99,"column":6},"end":{"line":105,"column":9}},"26":{"start":{"line":108,"column":28},"end":{"line":108,"column":78}},"27":{"start":{"line":109,"column":20},"end":{"line":109,"column":55}},"28":{"start":{"line":110,"column":20},"end":{"line":110,"column":67}},"29":{"start":{"line":112,"column":4},"end":{"line":126,"column":5}},"30":{"start":{"line":113,"column":6},"end":{"line":117,"column":9}},"31":{"start":{"line":119,"column":6},"end":{"line":125,"column":9}},"32":{"start":{"line":128,"column":4},"end":{"line":128,"column":11}},"33":{"start":{"line":136,"column":24},"end":{"line":163,"column":1}},"34":{"start":{"line":137,"column":2},"end":{"line":162,"column":4}},"35":{"start":{"line":138,"column":4},"end":{"line":161,"column":5}},"36":{"start":{"line":139,"column":28},"end":{"line":139,"column":54}},"37":{"start":{"line":141,"column":6},"end":{"line":149,"column":7}},"38":{"start":{"line":142,"column":8},"end":{"line":148,"column":11}},"39":{"start":{"line":151,"column":6},"end":{"line":151,"column":13}},"40":{"start":{"line":153,"column":6},"end":{"line":153,"column":71}},"41":{"start":{"line":154,"column":6},"end":{"line":160,"column":9}},"42":{"start":{"line":165,"column":0},"end":{"line":171,"column":2}}},"fnMap":{"0":{"name":"(anonymous_0)","decl":{"start":{"line":14,"column":20},"end":{"line":14,"column":21}},"loc":{"start":{"line":14,"column":41},"end":{"line":47,"column":1}},"line":14},"1":{"name":"(anonymous_1)","decl":{"start":{"line":15,"column":9},"end":{"line":15,"column":10}},"loc":{"start":{"line":15,"column":29},"end":{"line":46,"column":3}},"line":15},"2":{"name":"(anonymous_2)","decl":{"start":{"line":53,"column":23},"end":{"line":53,"column":24}},"loc":{"start":{"line":53,"column":36},"end":{"line":90,"column":1}},"line":53},"3":{"name":"(anonymous_3)","decl":{"start":{"line":54,"column":9},"end":{"line":54,"column":10}},"loc":{"start":{"line":54,"column":29},"end":{"line":89,"column":3}},"line":54},"4":{"name":"(anonymous_4)","decl":{"start":{"line":96,"column":32},"end":{"line":96,"column":33}},"loc":{"start":{"line":96,"column":61},"end":{"line":130,"column":1}},"line":96},"5":{"name":"(anonymous_5)","decl":{"start":{"line":97,"column":9},"end":{"line":97,"column":10}},"loc":{"start":{"line":97,"column":29},"end":{"line":129,"column":3}},"line":97},"6":{"name":"(anonymous_6)","decl":{"start":{"line":136,"column":24},"end":{"line":136,"column":25}},"loc":{"start":{"line":136,"column":45},"end":{"line":163,"column":1}},"line":136},"7":{"name":"(anonymous_7)","decl":{"start":{"line":137,"column":9},"end":{"line":137,"column":10}},"loc":{"start":{"line":137,"column":35},"end":{"line":162,"column":3}},"line":137}},"branchMap":{"0":{"loc":{"start":{"line":16,"column":4},"end":{"line":24,"column":5}},"type":"if","locations":[{"start":{"line":16,"column":4},"end":{"line":24,"column":5}},{"start":{},"end":{}}],"line":16},"1":{"loc":{"start":{"line":28,"column":4},"end":{"line":43,"column":5}},"type":"if","locations":[{"start":{"line":28,"column":4},"end":{"line":43,"column":5}},{"start":{},"end":{}}],"line":28},"2":{"loc":{"start":{"line":55,"column":4},"end":{"line":63,"column":5}},"type":"if","locations":[{"start":{"line":55,"column":4},"end":{"line":63,"column":5}},{"start":{},"end":{}}],"line":55},"3":{"loc":{"start":{"line":66,"column":22},"end":{"line":66,"column":51}},"type":"binary-expr","locations":[{"start":{"line":66,"column":22},"end":{"line":66,"column":46}},{"start":{"line":66,"column":50},"end":{"line":66,"column":51}}],"line":66},"4":{"loc":{"start":{"line":67,"column":21},"end":{"line":67,"column":49}},"type":"binary-expr","locations":[{"start":{"line":67,"column":21},"end":{"line":67,"column":44}},{"start":{"line":67,"column":48},"end":{"line":67,"column":49}}],"line":67},"5":{"loc":{"start":{"line":69,"column":4},"end":{"line":86,"column":5}},"type":"if","locations":[{"start":{"line":69,"column":4},"end":{"line":86,"column":5}},{"start":{},"end":{}}],"line":69},"6":{"loc":{"start":{"line":96,"column":33},"end":{"line":96,"column":56}},"type":"default-arg","locations":[{"start":{"line":96,"column":48},"end":{"line":96,"column":56}}],"line":96},"7":{"loc":{"start":{"line":98,"column":4},"end":{"line":106,"column":5}},"type":"if","locations":[{"start":{"line":98,"column":4},"end":{"line":106,"column":5}},{"start":{},"end":{}}],"line":98},"8":{"loc":{"start":{"line":108,"column":28},"end":{"line":108,"column":78}},"type":"binary-expr","locations":[{"start":{"line":108,"column":28},"end":{"line":108,"column":52}},{"start":{"line":108,"column":56},"end":{"line":108,"column":78}}],"line":108},"9":{"loc":{"start":{"line":112,"column":4},"end":{"line":126,"column":5}},"type":"if","locations":[{"start":{"line":112,"column":4},"end":{"line":126,"column":5}},{"start":{},"end":{}}],"line":112},"10":{"loc":{"start":{"line":112,"column":8},"end":{"line":112,"column":28}},"type":"binary-expr","locations":[{"start":{"line":112,"column":8},"end":{"line":112,"column":16}},{"start":{"line":112,"column":20},"end":{"line":112,"column":28}}],"line":112},"11":{"loc":{"start":{"line":141,"column":6},"end":{"line":149,"column":7}},"type":"if","locations":[{"start":{"line":141,"column":6},"end":{"line":149,"column":7}},{"start":{},"end":{}}],"line":141}},"s":{"0":0,"1":0,"2":0,"3":0,"4":0,"5":0,"6":0,"7":0,"8":0,"9":0,"10":0,"11":0,"12":0,"13":0,"14":0,"15":0,"16":0,"17":0,"18":0,"19":0,"20":0,"21":0,"22":0,"23":0,"24":0,"25":0,"26":0,"27":0,"28":0,"29":0,"30":0,"31":0,"32":0,"33":0,"34":0,"35":0,"36":0,"37":0,"38":0,"39":0,"40":0,"41":0,"42":0},"f":{"0":0,"1":0,"2":0,"3":0,"4":0,"5":0,"6":0,"7":0},"b":{"0":[0,0],"1":[0,0],"2":[0,0],"3":[0,0],"4":[0,0],"5":[0,0],"6":[0],"7":[0,0],"8":[0,0],"9":[0,0],"10":[0,0],"11":[0,0]}}
,"C:\\Users\\karpu\\projects\\multi-tenant-Saas-backend\\src\\middleware\\tenantContext.js": {"path":"C:\\Users\\karpu\\projects\\multi-tenant-Saas-backend\\src\\middleware\\tenantContext.js","statementMap":{"0":{"start":{"line":1,"column":11},"end":{"line":1,"column":40}},"1":{"start":{"line":2,"column":15},"end":{"line":2,"column":41}},"2":{"start":{"line":8,"column":25},"end":{"line":49,"column":1}},"3":{"start":{"line":9,"column":2},"end":{"line":48,"column":3}},"4":{"start":{"line":10,"column":4},"end":{"line":18,"column":5}},"5":{"start":{"line":11,"column":6},"end":{"line":17,"column":9}},"6":{"start":{"line":20,"column":21},"end":{"line":20,"column":38}},"7":{"start":{"line":24,"column":4},"end":{"line":27,"column":6}},"8":{"start":{"line":30,"column":4},"end":{"line":30,"column":28}},"9":{"start":{"line":32,"column":4},"end":{"line":32,"column":53}},"10":{"start":{"line":34,"column":4},"end":{"line":34,"column":11}},"11":{"start":{"line":36,"column":4},"end":{"line":39,"column":7}},"12":{"start":{"line":41,"column":4},"end":{"line":47,"column":7}},"13":{"start":{"line":55,"column":29},"end":{"line":80,"column":1}},"14":{"start":{"line":56,"column":28},"end":{"line":56,"column":68}},"15":{"start":{"line":58,"column":2},"end":{"line":60,"column":3}},"16":{"start":{"line":59,"column":4},"end":{"line":59,"column":18}},"17":{"start":{"line":63,"column":2},"end":{"line":77,"column":3}},"18":{"start":{"line":64,"column":4},"end":{"line":68,"column":7}},"19":{"start":{"line":70,"column":4},"end":{"line":76,"column":7}},"20":{"start":{"line":79,"column":2},"end":{"line":79,"column":9}},"21":{"start":{"line":82,"column":0},"end":{"line":85,"column":2}}},"fnMap":{"0":{"name":"(anonymous_0)","decl":{"start":{"line":8,"column":25},"end":{"line":8,"column":26}},"loc":{"start":{"line":8,"column":51},"end":{"line":49,"column":1}},"line":8},"1":{"name":"(anonymous_1)","decl":{"start":{"line":55,"column":29},"end":{"line":55,"column":30}},"loc":{"start":{"line":55,"column":49},"end":{"line":80,"column":1}},"line":55}},"branchMap":{"0":{"loc":{"start":{"line":10,"column":4},"end":{"line":18,"column":5}},"type":"if","locations":[{"start":{"line":10,"column":4},"end":{"line":18,"column":5}},{"start":{},"end":{}}],"line":10},"1":{"loc":{"start":{"line":10,"column":8},"end":{"line":10,"column":39}},"type":"binary-expr","locations":[{"start":{"line":10,"column":8},"end":{"line":10,"column":17}},{"start":{"line":10,"column":21},"end":{"line":10,"column":39}}],"line":10},"2":{"loc":{"start":{"line":56,"column":28},"end":{"line":56,"column":68}},"type":"binary-expr","locations":[{"start":{"line":56,"column":28},"end":{"line":56,"column":47}},{"start":{"line":56,"column":51},"end":{"line":56,"column":68}}],"line":56},"3":{"loc":{"start":{"line":58,"column":2},"end":{"line":60,"column":3}},"type":"if","locations":[{"start":{"line":58,"column":2},"end":{"line":60,"column":3}},{"start":{},"end":{}}],"line":58},"4":{"loc":{"start":{"line":63,"column":2},"end":{"line":77,"column":3}},"type":"if","locations":[{"start":{"line":63,"column":2},"end":{"line":77,"column":3}},{"start":{},"end":{}}],"line":63}},"s":{"0":0,"1":0,"2":0,"3":0,"4":0,"5":0,"6":0,"7":0,"8":0,"9":0,"10":0,"11":0,"12":0,"13":0,"14":0,"15":0,"16":0,"17":0,"18":0,"19":0,"20":0,"21":0},"f":{"0":0,"1":0},"b":{"0":[0,0],"1":[0,0],"2":[0,0],"3":[0,0],"4":[0,0]}}
,"C:\\Users\\karpu\\projects\\multi-tenant-Saas-backend\\src\\middleware\\usageTracking.js": {"path":"C:\\Users\\karpu\\projects\\multi-tenant-Saas-backend\\src\\middleware\\usageTracking.js","statementMap":{"0":{"start":{"line":1,"column":21},"end":{"line":1,"column":57}},"1":{"start":{"line":2,"column":18},"end":{"line":2,"column":46}},"2":{"start":{"line":3,"column":15},"end":{"line":3,"column":41}},"3":{"start":{"line":9,"column":19},"end":{"line":121,"column":1}},"4":{"start":{"line":10,"column":2},"end":{"line":10,"column":64}},"5":{"start":{"line":11,"column":2},"end":{"line":11,"column":40}},"6":{"start":{"line":12,"column":2},"end":{"line":12,"column":37}},"7":{"start":{"line":13,"column":2},"end":{"line":13,"column":42}},"8":{"start":{"line":14,"column":2},"end":{"line":14,"column":48}},"9":{"start":{"line":15,"column":2},"end":{"line":15,"column":65}},"10":{"start":{"line":17,"column":2},"end":{"line":120,"column":3}},"11":{"start":{"line":18,"column":21},"end":{"line":18,"column":39}},"12":{"start":{"line":21,"column":4},"end":{"line":25,"column":5}},"13":{"start":{"line":22,"column":6},"end":{"line":22,"column":63}},"14":{"start":{"line":23,"column":6},"end":{"line":23,"column":56}},"15":{"start":{"line":24,"column":6},"end":{"line":24,"column":20}},"16":{"start":{"line":27,"column":23},"end":{"line":27,"column":34}},"17":{"start":{"line":29,"column":4},"end":{"line":29,"column":47}},"18":{"start":{"line":32,"column":23},"end":{"line":32,"column":80}},"19":{"start":{"line":34,"column":4},"end":{"line":34,"column":54}},"20":{"start":{"line":36,"column":4},"end":{"line":55,"column":5}},"21":{"start":{"line":37,"column":6},"end":{"line":37,"column":57}},"22":{"start":{"line":38,"column":6},"end":{"line":42,"column":9}},"23":{"start":{"line":44,"column":6},"end":{"line":54,"column":8}},"24":{"start":{"line":57,"column":4},"end":{"line":57,"column":65}},"25":{"start":{"line":60,"column":4},"end":{"line":65,"column":5}},"26":{"start":{"line":61,"column":6},"end":{"line":61,"column":66}},"27":{"start":{"line":62,"column":6},"end":{"line":62,"column":57}},"28":{"start":{"line":63,"column":6},"end":{"line":63,"column":55}},"29":{"start":{"line":64,"column":6},"end":{"line":64,"column":71}},"30":{"start":{"line":68,"column":4},"end":{"line":68,"column":61}},"31":{"start":{"line":70,"column":4},"end":{"line":70,"column":60}},"32":{"start":{"line":73,"column":4},"end":{"line":104,"column":7}},"33":{"start":{"line":74,"column":6},"end":{"line":74,"column":61}},"34":{"start":{"line":75,"column":6},"end":{"line":75,"column":50}},"35":{"start":{"line":76,"column":6},"end":{"line":76,"column":42}},"36":{"start":{"line":77,"column":6},"end":{"line":77,"column":56}},"37":{"start":{"line":78,"column":6},"end":{"line":78,"column":60}},"38":{"start":{"line":81,"column":6},"end":{"line":103,"column":7}},"39":{"start":{"line":82,"column":8},"end":{"line":82,"column":62}},"40":{"start":{"line":84,"column":8},"end":{"line":100,"column":11}},"41":{"start":{"line":91,"column":10},"end":{"line":91,"column":64}},"42":{"start":{"line":93,"column":10},"end":{"line":93,"column":66}},"43":{"start":{"line":94,"column":10},"end":{"line":94,"column":51}},"44":{"start":{"line":95,"column":10},"end":{"line":99,"column":13}},"45":{"start":{"line":102,"column":8},"end":{"line":102,"column":68}},"46":{"start":{"line":106,"column":4},"end":{"line":106,"column":59}},"47":{"start":{"line":109,"column":4},"end":{"line":109,"column":11}},"48":{"start":{"line":112,"column":4},"end":{"line":112,"column":61}},"49":{"start":{"line":113,"column":4},"end":{"line":116,"column":7}},"50":{"start":{"line":119,"column":4},"end":{"line":119,"column":11}},"51":{"start":{"line":126,"column":25},"end":{"line":160,"column":1}},"52":{"start":{"line":127,"column":2},"end":{"line":159,"column":4}},"53":{"start":{"line":128,"column":4},"end":{"line":158,"column":5}},"54":{"start":{"line":129,"column":23},"end":{"line":129,"column":41}},"55":{"start":{"line":131,"column":6},"end":{"line":133,"column":7}},"56":{"start":{"line":132,"column":8},"end":{"line":132,"column":22}},"57":{"start":{"line":135,"column":25},"end":{"line":135,"column":82}},"58":{"start":{"line":137,"column":6},"end":{"line":149,"column":7}},"59":{"start":{"line":138,"column":8},"end":{"line":148,"column":10}},"60":{"start":{"line":151,"column":6},"end":{"line":151,"column":13}},"61":{"start":{"line":153,"column":6},"end":{"line":156,"column":9}},"62":{"start":{"line":157,"column":6},"end":{"line":157,"column":13}},"63":{"start":{"line":162,"column":0},"end":{"line":165,"column":2}}},"fnMap":{"0":{"name":"(anonymous_0)","decl":{"start":{"line":9,"column":19},"end":{"line":9,"column":20}},"loc":{"start":{"line":9,"column":45},"end":{"line":121,"column":1}},"line":9},"1":{"name":"(anonymous_1)","decl":{"start":{"line":73,"column":21},"end":{"line":73,"column":22}},"loc":{"start":{"line":73,"column":27},"end":{"line":104,"column":5}},"line":73},"2":{"name":"(anonymous_2)","decl":{"start":{"line":90,"column":16},"end":{"line":90,"column":17}},"loc":{"start":{"line":90,"column":26},"end":{"line":92,"column":9}},"line":90},"3":{"name":"(anonymous_3)","decl":{"start":{"line":92,"column":17},"end":{"line":92,"column":18}},"loc":{"start":{"line":92,"column":24},"end":{"line":100,"column":9}},"line":92},"4":{"name":"(anonymous_4)","decl":{"start":{"line":126,"column":25},"end":{"line":126,"column":26}},"loc":{"start":{"line":126,"column":41},"end":{"line":160,"column":1}},"line":126},"5":{"name":"(anonymous_5)","decl":{"start":{"line":127,"column":9},"end":{"line":127,"column":10}},"loc":{"start":{"line":127,"column":35},"end":{"line":159,"column":3}},"line":127}},"branchMap":{"0":{"loc":{"start":{"line":21,"column":4},"end":{"line":25,"column":5}},"type":"if","locations":[{"start":{"line":21,"column":4},"end":{"line":25,"column":5}},{"start":{},"end":{}}],"line":21},"1":{"loc":{"start":{"line":36,"column":4},"end":{"line":55,"column":5}},"type":"if","locations":[{"start":{"line":36,"column":4},"end":{"line":55,"column":5}},{"start":{},"end":{}}],"line":36},"2":{"loc":{"start":{"line":60,"column":4},"end":{"line":65,"column":5}},"type":"if","locations":[{"start":{"line":60,"column":4},"end":{"line":65,"column":5}},{"start":{},"end":{}}],"line":60},"3":{"loc":{"start":{"line":60,"column":8},"end":{"line":60,"column":59}},"type":"binary-expr","locations":[{"start":{"line":60,"column":8},"end":{"line":60,"column":28}},{"start":{"line":60,"column":32},"end":{"line":60,"column":59}}],"line":60},"4":{"loc":{"start":{"line":81,"column":6},"end":{"line":103,"column":7}},"type":"if","locations":[{"start":{"line":81,"column":6},"end":{"line":103,"column":7}},{"start":{"line":101,"column":13},"end":{"line":103,"column":7}}],"line":81},"5":{"loc":{"start":{"line":131,"column":6},"end":{"line":133,"column":7}},"type":"if","locations":[{"start":{"line":131,"column":6},"end":{"line":133,"column":7}},{"start":{},"end":{}}],"line":131},"6":{"loc":{"start":{"line":137,"column":6},"end":{"line":149,"column":7}},"type":"if","locations":[{"start":{"line":137,"column":6},"end":{"line":149,"column":7}},{"start":{},"end":{}}],"line":137}},"s":{"0":0,"1":0,"2":0,"3":0,"4":0,"5":0,"6":0,"7":0,"8":0,"9":0,"10":0,"11":0,"12":0,"13":0,"14":0,"15":0,"16":0,"17":0,"18":0,"19":0,"20":0,"21":0,"22":0,"23":0,"24":0,"25":0,"26":0,"27":0,"28":0,"29":0,"30":0,"31":0,"32":0,"33":0,"34":0,"35":0,"36":0,"37":0,"38":0,"39":0,"40":0,"41":0,"42":0,"43":0,"44":0,"45":0,"46":0,"47":0,"48":0,"49":0,"50":0,"51":0,"52":0,"53":0,"54":0,"55":0,"56":0,"57":0,"58":0,"59":0,"60":0,"61":0,"62":0,"63":0},"f":{"0":0,"1":0,"2":0,"3":0,"4":0,"5":0},"b":{"0":[0,0],"1":[0,0],"2":[0,0],"3":[0,0],"4":[0,0],"5":[0,0],"6":[0,0]}}
,"C:\\Users\\karpu\\projects\\multi-tenant-Saas-backend\\src\\middleware\\validator.js": {"path":"C:\\Users\\karpu\\projects\\multi-tenant-Saas-backend\\src\\middleware\\validator.js","statementMap":{"0":{"start":{"line":1,"column":29},"end":{"line":1,"column":57}},"1":{"start":{"line":6,"column":17},"end":{"line":27,"column":1}},"2":{"start":{"line":7,"column":17},"end":{"line":7,"column":38}},"3":{"start":{"line":9,"column":2},"end":{"line":24,"column":3}},"4":{"start":{"line":10,"column":28},"end":{"line":14,"column":7}},"5":{"start":{"line":10,"column":55},"end":{"line":14,"column":5}},"6":{"start":{"line":16,"column":4},"end":{"line":23,"column":7}},"7":{"start":{"line":26,"column":2},"end":{"line":26,"column":9}},"8":{"start":{"line":29,"column":0},"end":{"line":31,"column":2}}},"fnMap":{"0":{"name":"(anonymous_0)","decl":{"start":{"line":6,"column":17},"end":{"line":6,"column":18}},"loc":{"start":{"line":6,"column":37},"end":{"line":27,"column":1}},"line":6},"1":{"name":"(anonymous_1)","decl":{"start":{"line":10,"column":47},"end":{"line":10,"column":48}},"loc":{"start":{"line":10,"column":55},"end":{"line":14,"column":5}},"line":10}},"branchMap":{"0":{"loc":{"start":{"line":9,"column":2},"end":{"line":24,"column":3}},"type":"if","locations":[{"start":{"line":9,"column":2},"end":{"line":24,"column":3}},{"start":{},"end":{}}],"line":9},"1":{"loc":{"start":{"line":11,"column":13},"end":{"line":11,"column":34}},"type":"binary-expr","locations":[{"start":{"line":11,"column":13},"end":{"line":11,"column":21}},{"start":{"line":11,"column":25},"end":{"line":11,"column":34}}],"line":11}},"s":{"0":0,"1":0,"2":0,"3":0,"4":0,"5":0,"6":0,"7":0,"8":0},"f":{"0":0,"1":0},"b":{"0":[0,0],"1":[0,0]}}
[...]
,"C:\\Users\\karpu\\projects\\multi-tenant-Saas-backend\\src\\services\\user.service.js": {"path":"C:\\Users\\karpu\\projects\\multi-tenant-Saas-backend\\src\\services\\user.service.js","statementMap":{"0":{"start":{"line":1,"column":23},"end":{"line":1,"column":65}},"1":{"start":{"line":2,"column":25},"end":{"line":2,"column":53}},"2":{"start":{"line":7,"column":18},"end":{"line":9,"column":1}},"3":{"start":{"line":8,"column":2},"end":{"line":8,"column":57}},"4":{"start":{"line":14,"column":20},"end":{"line":22,"column":1}},"5":{"start":{"line":15,"column":15},"end":{"line":15,"column":58}},"6":{"start":{"line":17,"column":2},"end":{"line":19,"column":3}},"7":{"start":{"line":18,"column":4},"end":{"line":18,"column":29}},"8":{"start":{"line":21,"column":2},"end":{"line":21,"column":14}},"9":{"start":{"line":27,"column":19},"end":{"line":58,"column":1}},"10":{"start":{"line":28,"column":67},"end":{"line":28,"column":71}},"11":{"start":{"line":31,"column":23},"end":{"line":31,"column":72}},"12":{"start":{"line":33,"column":2},"end":{"line":38,"column":3}},"13":{"start":{"line":34,"column":18},"end":{"line":34,"column":66}},"14":{"start":{"line":35,"column":4},"end":{"line":35,"column":27}},"15":{"start":{"line":36,"column":4},"end":{"line":36,"column":31}},"16":{"start":{"line":37,"column":4},"end":{"line":37,"column":16}},"17":{"start":{"line":41,"column":23},"end":{"line":41,"column":51}},"18":{"start":{"line":44,"column":15},"end":{"line":52,"column":4}},"19":{"start":{"line":55,"column":2},"end":{"line":55,"column":27}},"20":{"start":{"line":57,"column":2},"end":{"line":57,"column":14}},"21":{"start":{"line":63,"column":19},"end":{"line":83,"column":1}},"22":{"start":{"line":65,"column":2},"end":{"line":74,"column":3}},"23":{"start":{"line":66,"column":25},"end":{"line":66,"column":79}},"24":{"start":{"line":68,"column":4},"end":{"line":73,"column":5}},"25":{"start":{"line":69,"column":20},"end":{"line":69,"column":68}},"26":{"start":{"line":70,"column":6},"end":{"line":70,"column":29}},"27":{"start":{"line":71,"column":6},"end":{"line":71,"column":34}},"28":{"start":{"line":72,"column":6},"end":{"line":72,"column":18}},"29":{"start":{"line":76,"column":15},"end":{"line":76,"column":62}},"30":{"start":{"line":78,"column":2},"end":{"line":80,"column":3}},"31":{"start":{"line":79,"column":4},"end":{"line":79,"column":29}},"32":{"start":{"line":82,"column":2},"end":{"line":82,"column":14}},"33":{"start":{"line":88,"column":19},"end":{"line":90,"column":1}},"34":{"start":{"line":89,"column":2},"end":{"line":89,"column":51}},"35":{"start":{"line":92,"column":0},"end":{"line":98,"column":2}}},"fnMap":{"0":{"name":"(anonymous_0)","decl":{"start":{"line":7,"column":18},"end":{"line":7,"column":19}},"loc":{"start":{"line":7,"column":47},"end":{"line":9,"column":1}},"line":7},"1":{"name":"(anonymous_1)","decl":{"start":{"line":14,"column":20},"end":{"line":14,"column":21}},"loc":{"start":{"line":14,"column":44},"end":{"line":22,"column":1}},"line":14},"2":{"name":"(anonymous_2)","decl":{"start":{"line":27,"column":19},"end":{"line":27,"column":20}},"loc":{"start":{"line":27,"column":35},"end":{"line":58,"column":1}},"line":27},"3":{"name":"(anonymous_3)","decl":{"start":{"line":63,"column":19},"end":{"line":63,"column":20}},"loc":{"start":{"line":63,"column":49},"end":{"line":83,"column":1}},"line":63},"4":{"name":"(anonymous_4)","decl":{"start":{"line":88,"column":19},"end":{"line":88,"column":20}},"loc":{"start":{"line":88,"column":43},"end":{"line":90,"column":1}},"line":88}},"branchMap":{"0":{"loc":{"start":{"line":17,"column":2},"end":{"line":19,"column":3}},"type":"if","locations":[{"start":{"line":17,"column":2},"end":{"line":19,"column":3}},{"start":{},"end":{}}],"line":17},"1":{"loc":{"start":{"line":33,"column":2},"end":{"line":38,"column":3}},"type":"if","locations":[{"start":{"line":33,"column":2},"end":{"line":38,"column":3}},{"start":{},"end":{}}],"line":33},"2":{"loc":{"start":{"line":50,"column":10},"end":{"line":50,"column":24}},"type":"binary-expr","locations":[{"start":{"line":50,"column":10},"end":{"line":50,"column":14}},{"start":{"line":50,"column":18},"end":{"line":50,"column":24}}],"line":50},"3":{"loc":{"start":{"line":65,"column":2},"end":{"line":74,"column":3}},"type":"if","locations":[{"start":{"line":65,"column":2},"end":{"line":74,"column":3}},{"start":{},"end":{}}],"line":65},"4":{"loc":{"start":{"line":68,"column":4},"end":{"line":73,"column":5}},"type":"if","locations":[{"start":{"line":68,"column":4},"end":{"line":73,"column":5}},{"start":{},"end":{}}],"line":68},"5":{"loc":{"start":{"line":68,"column":8},"end":{"line":68,"column":46}},"type":"binary-expr","locations":[{"start":{"line":68,"column":8},"end":{"line":68,"column":20}},{"start":{"line":68,"column":24},"end":{"line":68,"column":46}}],"line":68},"6":{"loc":{"start":{"line":78,"column":2},"end":{"line":80,"column":3}},"type":"if","locations":[{"start":{"line":78,"column":2},"end":{"line":80,"column":3}},{"start":{},"end":{}}],"line":78}},"s":{"0":0,"1":0,"2":0,"3":0,"4":0,"5":0,"6":0,"7":0,"8":0,"9":0,"10":0,"11":0,"12":0,"13":0,"14":0,"15":0,"16":0,"17":0,"18":0,"19":0,"20":0,"21":0,"22":0,"23":0,"24":0,"25":0,"26":0,"27":0,"28":0,"29":0,"30":0,"31":0,"32":0,"33":0,"34":0,"35":0},"f":{"0":0,"1":0,"2":0,"3":0,"4":0},"b":{"0":[0,0],"1":[0,0],"2":[0,0],"3":[0,0],"4":[0,0],"5":[0,0],"6":[0,0]}}
,"C:\\Users\\karpu\\projects\\multi-tenant-Saas-backend\\src\\utils\\jwt.js": {"path":"C:\\Users\\karpu\\projects\\multi-tenant-Saas-backend\\src\\utils\\jwt.js","statementMap":{"0":{"start":{"line":1,"column":12},"end":{"line":1,"column":35}},"1":{"start":{"line":2,"column":15},"end":{"line":2,"column":34}},"2":{"start":{"line":4,"column":19},"end":{"line":4,"column":41}},"3":{"start":{"line":5,"column":23},"end":{"line":5,"column":57}},"4":{"start":{"line":6,"column":27},"end":{"line":6,"column":57}},"5":{"start":{"line":7,"column":31},"end":{"line":7,"column":74}},"6":{"start":{"line":12,"column":28},"end":{"line":20,"column":1}},"7":{"start":{"line":13,"column":44},"end":{"line":13,"column":51}},"8":{"start":{"line":15,"column":2},"end":{"line":19,"column":4}},"9":{"start":{"line":25,"column":29},"end":{"line":33,"column":1}},"10":{"start":{"line":26,"column":31},"end":{"line":26,"column":38}},"11":{"start":{"line":28,"column":2},"end":{"line":32,"column":4}},"12":{"start":{"line":38,"column":23},"end":{"line":43,"column":1}},"13":{"start":{"line":39,"column":2},"end":{"line":42,"column":4}},"14":{"start":{"line":48,"column":26},"end":{"line":55,"column":1}},"15":{"start":{"line":49,"column":2},"end":{"line":54,"column":3}},"16":{"start":{"line":50,"column":4},"end":{"line":50,"column":41}},"17":{"start":{"line":52,"column":4},"end":{"line":52,"column":66}},"18":{"start":{"line":53,"column":4},"end":{"line":53,"column":48}},"19":{"start":{"line":60,"column":27},"end":{"line":67,"column":1}},"20":{"start":{"line":61,"column":2},"end":{"line":66,"column":3}},"21":{"start":{"line":62,"column":4},"end":{"line":62,"column":49}},"22":{"start":{"line":64,"column":4},"end":{"line":64,"column":67}},"23":{"start":{"line":65,"column":4},"end":{"line":65,"column":56}},"24":{"start":{"line":72,"column":31},"end":{"line":83,"column":1}},"25":{"start":{"line":73,"column":2},"end":{"line":75,"column":3}},"26":{"start":{"line":74,"column":4},"end":{"line":74,"column":16}},"27":{"start":{"line":77,"column":16},"end":{"line":77,"column":37}},"28":{"start":{"line":78,"column":2},"end":{"line":80,"column":3}},"29":{"start":{"line":79,"column":4},"end":{"line":79,"column":16}},"30":{"start":{"line":82,"column":2},"end":{"line":82,"column":18}},"31":{"start":{"line":85,"column":0},"end":{"line":92,"column":2}}},"fnMap":{"0":{"name":"(anonymous_0)","decl":{"start":{"line":12,"column":28},"end":{"line":12,"column":29}},"loc":{"start":{"line":12,"column":41},"end":{"line":20,"column":1}},"line":12},"1":{"name":"(anonymous_1)","decl":{"start":{"line":25,"column":29},"end":{"line":25,"column":30}},"loc":{"start":{"line":25,"column":42},"end":{"line":33,"column":1}},"line":25},"2":{"name":"(anonymous_2)","decl":{"start":{"line":38,"column":23},"end":{"line":38,"column":24}},"loc":{"start":{"line":38,"column":36},"end":{"line":43,"column":1}},"line":38},"3":{"name":"(anonymous_3)","decl":{"start":{"line":48,"column":26},"end":{"line":48,"column":27}},"loc":{"start":{"line":48,"column":37},"end":{"line":55,"column":1}},"line":48},"4":{"name":"(anonymous_4)","decl":{"start":{"line":60,"column":27},"end":{"line":60,"column":28}},"loc":{"start":{"line":60,"column":38},"end":{"line":67,"column":1}},"line":60},"5":{"name":"(anonymous_5)","decl":{"start":{"line":72,"column":31},"end":{"line":72,"column":32}},"loc":{"start":{"line":72,"column":47},"end":{"line":83,"column":1}},"line":72}},"branchMap":{"0":{"loc":{"start":{"line":5,"column":23},"end":{"line":5,"column":57}},"type":"binary-expr","locations":[{"start":{"line":5,"column":23},"end":{"line":5,"column":49}},{"start":{"line":5,"column":53},"end":{"line":5,"column":57}}],"line":5},"1":{"loc":{"start":{"line":7,"column":31},"end":{"line":7,"column":74}},"type":"binary-expr","locations":[{"start":{"line":7,"column":31},"end":{"line":7,"column":65}},{"start":{"line":7,"column":69},"end":{"line":7,"column":74}}],"line":7},"2":{"loc":{"start":{"line":73,"column":2},"end":{"line":75,"column":3}},"type":"if","locations":[{"start":{"line":73,"column":2},"end":{"line":75,"column":3}},{"start":{},"end":{}}],"line":73},"3":{"loc":{"start":{"line":78,"column":2},"end":{"line":80,"column":3}},"type":"if","locations":[{"start":{"line":78,"column":2},"end":{"line":80,"column":3}},{"start":{},"end":{}}],"line":78},"4":{"loc":{"start":{"line":78,"column":6},"end":{"line":78,"column":49}},"type":"binary-expr","locations":[{"start":{"line":78,"column":6},"end":{"line":78,"column":24}},{"start":{"line":78,"column":28},"end":{"line":78,"column":49}}],"line":78}},"s":{"0":1,"1":1,"2":1,"3":1,"4":1,"5":1,"6":1,"7":3,"8":3,"9":1,"10":2,"11":2,"12":1,"13":0,"14":1,"15":4,"16":4,"17":2,"18":2,"19":1,"20":2,"21":2,"22":1,"23":1,"24":1,"25":0,"26":0,"27":0,"28":0,"29":0,"30":0,"31":1},"f":{"0":3,"1":2,"2":0,"3":4,"4":2,"5":0},"b":{"0":[1,1],"1":[1,1],"2":[0,0],"3":[0,0],"4":[0,0]},"_coverageSchema":"1a1c01bbd47fc00a2c39e90264f33305004495a9","hash":"58c0e0ec0f6e231cded3b07bb7904aec06640c9e"}
,"C:\\Users\\karpu\\projects\\multi-tenant-Saas-backend\\src\\utils\\logger.js": {"path":"C:\\Users\\karpu\\projects\\multi-tenant-Saas-backend\\src\\utils\\logger.js","statementMap":{"0":{"start":{"line":1,"column":16},"end":{"line":1,"column":34}},"1":{"start":{"line":4,"column":15},"end":{"line":10,"column":1}},"2":{"start":{"line":13,"column":15},"end":{"line":19,"column":1}},"3":{"start":{"line":21,"column":0},"end":{"line":21,"column":26}},"4":{"start":{"line":24,"column":14},"end":{"line":28,"column":1}},"5":{"start":{"line":25,"column":14},"end":{"line":25,"column":51}},"6":{"start":{"line":26,"column":24},"end":{"line":26,"column":45}},"7":{"start":{"line":27,"column":2},"end":{"line":27,"column":67}},"8":{"start":{"line":31,"column":22},"end":{"line":39,"column":1}},"9":{"start":{"line":35,"column":51},"end":{"line":35,"column":55}},"10":{"start":{"line":36,"column":20},"end":{"line":36,"column":81}},"11":{"start":{"line":37,"column":4},"end":{"line":37,"column":60}},"12":{"start":{"line":42,"column":19},"end":{"line":45,"column":1}},"13":{"start":{"line":48,"column":19},"end":{"line":70,"column":1}},"14":{"start":{"line":73,"column":15},"end":{"line":78,"column":2}},"15":{"start":{"line":81,"column":11},"end":{"line":81,"column":24}},"16":{"start":{"line":82,"column":13},"end":{"line":82,"column":28}},"17":{"start":{"line":83,"column":16},"end":{"line":83,"column":48}},"18":{"start":{"line":84,"column":0},"end":{"line":86,"column":1}},"19":{"start":{"line":85,"column":2},"end":{"line":85,"column":45}},"20":{"start":{"line":88,"column":0},"end":{"line":88,"column":24}}},"fnMap":{"0":{"name":"(anonymous_0)","decl":{"start":{"line":24,"column":14},"end":{"line":24,"column":15}},"loc":{"start":{"line":24,"column":20},"end":{"line":28,"column":1}},"line":24},"1":{"name":"(anonymous_1)","decl":{"start":{"line":34,"column":24},"end":{"line":34,"column":25}},"loc":{"start":{"line":34,"column":34},"end":{"line":38,"column":3}},"line":34}},"branchMap":{"0":{"loc":{"start":{"line":25,"column":14},"end":{"line":25,"column":51}},"type":"binary-expr","locations":[{"start":{"line":25,"column":14},"end":{"line":25,"column":34}},{"start":{"line":25,"column":38},"end":{"line":25,"column":51}}],"line":25},"1":{"loc":{"start":{"line":27,"column":9},"end":{"line":27,"column":66}},"type":"cond-expr","locations":[{"start":{"line":27,"column":25},"end":{"line":27,"column":32}},{"start":{"line":27,"column":35},"end":{"line":27,"column":66}}],"line":27},"2":{"loc":{"start":{"line":27,"column":35},"end":{"line":27,"column":66}},"type":"binary-expr","locations":[{"start":{"line":27,"column":35},"end":{"line":27,"column":56}},{"start":{"line":27,"column":60},"end":{"line":27,"column":66}}],"line":27},"3":{"loc":{"start":{"line":36,"column":20},"end":{"line":36,"column":81}},"type":"cond-expr","locations":[{"start":{"line":36,"column":47},"end":{"line":36,"column":76}},{"start":{"line":36,"column":79},"end":{"line":36,"column":81}}],"line":36},"4":{"loc":{"start":{"line":84,"column":0},"end":{"line":86,"column":1}},"type":"if","locations":[{"start":{"line":84,"column":0},"end":{"line":86,"column":1}},{"start":{},"end":{}}],"line":84}},"s":{"0":2,"1":2,"2":2,"3":2,"4":2,"5":2,"6":2,"7":2,"8":2,"9":3,"10":3,"11":3,"12":2,"13":2,"14":2,"15":2,"16":2,"17":2,"18":2,"19":0,"20":2},"f":{"0":2,"1":3},"b":{"0":[2,0],"1":[0,2],"2":[2,2],"3":[3,0],"4":[0,2]},"_coverageSchema":"1a1c01bbd47fc00a2c39e90264f33305004495a9","hash":"92d95e185b442f9dff6811600a8b5e271406e4df"}
,"C:\\Users\\karpu\\projects\\multi-tenant-Saas-backend\\src\\utils\\password.js": {"path":"C:\\Users\\karpu\\projects\\multi-tenant-Saas-backend\\src\\utils\\password.js","statementMap":{"0":{"start":{"line":1,"column":15},"end":{"line":1,"column":32}},"1":{"start":{"line":3,"column":20},"end":{"line":3,"column":61}},"2":{"start":{"line":8,"column":21},"end":{"line":10,"column":1}},"3":{"start":{"line":9,"column":2},"end":{"line":9,"column":50}},"4":{"start":{"line":15,"column":24},"end":{"line":17,"column":1}},"5":{"start":{"line":16,"column":2},"end":{"line":16,"column":61}},"6":{"start":{"line":19,"column":0},"end":{"line":22,"column":2}}},"fnMap":{"0":{"name":"(anonymous_0)","decl":{"start":{"line":8,"column":21},"end":{"line":8,"column":22}},"loc":{"start":{"line":8,"column":41},"end":{"line":10,"column":1}},"line":8},"1":{"name":"(anonymous_1)","decl":{"start":{"line":15,"column":24},"end":{"line":15,"column":25}},"loc":{"start":{"line":15,"column":65},"end":{"line":17,"column":1}},"line":15}},"branchMap":{"0":{"loc":{"start":{"line":3,"column":20},"end":{"line":3,"column":61}},"type":"binary-expr","locations":[{"start":{"line":3,"column":20},"end":{"line":3,"column":55}},{"start":{"line":3,"column":59},"end":{"line":3,"column":61}}],"line":3}},"s":{"0":1,"1":1,"2":1,"3":6,"4":1,"5":3,"6":1},"f":{"0":6,"1":3},"b":{"0":[1,1]},"_coverageSchema":"1a1c01bbd47fc00a2c39e90264f33305004495a9","hash":"e83abcf13d2e72c83eba8f58a90f0c89ea575cc3"}
,"C:\\Users\\karpu\\projects\\multi-tenant-Saas-backend\\src\\utils\\response.js": {"path":"C:\\Users\\karpu\\projects\\multi-tenant-Saas-backend\\src\\utils\\response.js","statementMap":{"0":{"start":{"line":4,"column":16},"end":{"line":9,"column":1}},"1":{"start":{"line":5,"column":2},"end":{"line":8,"column":5}},"2":{"start":{"line":14,"column":30},"end":{"line":20,"column":1}},"3":{"start":{"line":15,"column":2},"end":{"line":19,"column":5}},"4":{"start":{"line":25,"column":14},"end":{"line":39,"column":1}},"5":{"start":{"line":26,"column":19},"end":{"line":32,"column":3}},"6":{"start":{"line":34,"column":2},"end":{"line":36,"column":3}},"7":{"start":{"line":35,"column":4},"end":{"line":35,"column":37}},"8":{"start":{"line":38,"column":2},"end":{"line":38,"column":47}},"9":{"start":{"line":44,"column":24},"end":{"line":53,"column":1}},"10":{"start":{"line":45,"column":2},"end":{"line":52,"column":5}},"11":{"start":{"line":58,"column":17},"end":{"line":66,"column":1}},"12":{"start":{"line":59,"column":2},"end":{"line":65,"column":5}},"13":{"start":{"line":71,"column":21},"end":{"line":79,"column":1}},"14":{"start":{"line":72,"column":2},"end":{"line":78,"column":5}},"15":{"start":{"line":84,"column":18},"end":{"line":92,"column":1}},"16":{"start":{"line":85,"column":2},"end":{"line":91,"column":5}},"17":{"start":{"line":94,"column":0},"end":{"line":102,"column":2}}},"fnMap":{"0":{"name":"(anonymous_0)","decl":{"start":{"line":4,"column":16},"end":{"line":4,"column":17}},"loc":{"start":{"line":4,"column":49},"end":{"line":9,"column":1}},"line":4},"1":{"name":"(anonymous_1)","decl":{"start":{"line":14,"column":30},"end":{"line":14,"column":31}},"loc":{"start":{"line":14,"column":75},"end":{"line":20,"column":1}},"line":14},"2":{"name":"(anonymous_2)","decl":{"start":{"line":25,"column":14},"end":{"line":25,"column":15}},"loc":{"start":{"line":25,"column":82},"end":{"line":39,"column":1}},"line":25},"3":{"name":"(anonymous_3)","decl":{"start":{"line":44,"column":24},"end":{"line":44,"column":25}},"loc":{"start":{"line":44,"column":41},"end":{"line":53,"column":1}},"line":44},"4":{"name":"(anonymous_4)","decl":{"start":{"line":58,"column":17},"end":{"line":58,"column":18}},"loc":{"start":{"line":58,"column":58},"end":{"line":66,"column":1}},"line":58},"5":{"name":"(anonymous_5)","decl":{"start":{"line":71,"column":21},"end":{"line":71,"column":22}},"loc":{"start":{"line":71,"column":67},"end":{"line":79,"column":1}},"line":71},"6":{"name":"(anonymous_6)","decl":{"start":{"line":84,"column":18},"end":{"line":84,"column":19}},"loc":{"start":{"line":84,"column":57},"end":{"line":92,"column":1}},"line":84}},"branchMap":{"0":{"loc":{"start":{"line":4,"column":28},"end":{"line":4,"column":44}},"type":"default-arg","locations":[{"start":{"line":4,"column":41},"end":{"line":4,"column":44}}],"line":4},"1":{"loc":{"start":{"line":14,"column":54},"end":{"line":14,"column":70}},"type":"default-arg","locations":[{"start":{"line":14,"column":67},"end":{"line":14,"column":70}}],"line":14},"2":{"loc":{"start":{"line":25,"column":29},"end":{"line":25,"column":43}},"type":"default-arg","locations":[{"start":{"line":25,"column":36},"end":{"line":25,"column":43}}],"line":25},"3":{"loc":{"start":{"line":25,"column":45},"end":{"line":25,"column":61}},"type":"default-arg","locations":[{"start":{"line":25,"column":58},"end":{"line":25,"column":61}}],"line":25},"4":{"loc":{"start":{"line":25,"column":63},"end":{"line":25,"column":77}},"type":"default-arg","locations":[{"start":{"line":25,"column":73},"end":{"line":25,"column":77}}],"line":25},"5":{"loc":{"start":{"line":34,"column":2},"end":{"line":36,"column":3}},"type":"if","locations":[{"start":{"line":34,"column":2},"end":{"line":36,"column":3}},{"start":{},"end":{}}],"line":34},"6":{"loc":{"start":{"line":58,"column":23},"end":{"line":58,"column":53}},"type":"default-arg","locations":[{"start":{"line":58,"column":33},"end":{"line":58,"column":53}}],"line":58},"7":{"loc":{"start":{"line":71,"column":27},"end":{"line":71,"column":62}},"type":"default-arg","locations":[{"start":{"line":71,"column":37},"end":{"line":71,"column":62}}],"line":71},"8":{"loc":{"start":{"line":84,"column":24},"end":{"line":84,"column":52}},"type":"default-arg","locations":[{"start":{"line":84,"column":34},"end":{"line":84,"column":52}}],"line":84}},"s":{"0":0,"1":0,"2":0,"3":0,"4":0,"5":0,"6":0,"7":0,"8":0,"9":0,"10":0,"11":0,"12":0,"13":0,"14":0,"15":0,"16":0,"17":0},"f":{"0":0,"1":0,"2":0,"3":0,"4":0,"5":0,"6":0},"b":{"0":[0],"1":[0],"2":[0],"3":[0],"4":[0],"5":[0,0],"6":[0],"7":[0],"8":[0]}}
}
